mode: set
github.com/valtors/relay/cli_ui.go:24.48,30.2 2 1
github.com/valtors/relay/cli_ui.go:32.41,34.9 2 1
github.com/valtors/relay/cli_ui.go:34.9,36.3 1 1
github.com/valtors/relay/cli_ui.go:38.2,39.16 2 0
github.com/valtors/relay/cli_ui.go:39.16,41.3 1 0
github.com/valtors/relay/cli_ui.go:43.2,43.47 1 0
github.com/valtors/relay/cli_ui.go:46.63,49.27 3 1
github.com/valtors/relay/cli_ui.go:49.27,50.26 1 1
github.com/valtors/relay/cli_ui.go:50.26,52.12 2 1
github.com/valtors/relay/cli_ui.go:54.3,54.35 1 1
github.com/valtors/relay/cli_ui.go:56.2,56.26 1 1
github.com/valtors/relay/cli_ui.go:59.42,60.29 1 1
github.com/valtors/relay/cli_ui.go:60.29,62.3 1 1
github.com/valtors/relay/cli_ui.go:63.2,63.65 1 0
github.com/valtors/relay/cli_ui.go:66.43,67.29 1 1
github.com/valtors/relay/cli_ui.go:67.29,69.3 1 1
github.com/valtors/relay/cli_ui.go:70.2,70.92 1 0
github.com/valtors/relay/cli_ui.go:73.55,74.24 1 0
github.com/valtors/relay/cli_ui.go:74.24,76.3 1 0
github.com/valtors/relay/cli_ui.go:77.2,77.68 1 0
github.com/valtors/relay/cli_ui.go:80.48,81.29 1 0
github.com/valtors/relay/cli_ui.go:81.29,83.3 1 0
github.com/valtors/relay/cli_ui.go:84.2,85.57 2 0
github.com/valtors/relay/cli_ui.go:88.72,89.29 1 1
github.com/valtors/relay/cli_ui.go:89.29,91.3 1 1
github.com/valtors/relay/cli_ui.go:92.2,92.59 1 0
github.com/valtors/relay/cli_ui.go:95.86,124.2 13 1
github.com/valtors/relay/cli_ui.go:126.88,129.31 3 1
github.com/valtors/relay/cli_ui.go:129.31,130.45 1 1
github.com/valtors/relay/cli_ui.go:130.45,132.4 1 1
github.com/valtors/relay/cli_ui.go:134.2,134.31 1 1
github.com/valtors/relay/cli_ui.go:134.31,136.3 1 1
github.com/valtors/relay/cli_ui.go:137.2,137.17 1 1
github.com/valtors/relay/cli_ui.go:140.32,142.2 1 1
github.com/valtors/relay/cli_ui.go:144.57,145.18 1 1
github.com/valtors/relay/cli_ui.go:146.14,147.21 1 1
github.com/valtors/relay/cli_ui.go:148.14,149.21 1 1
github.com/valtors/relay/cli_ui.go:150.15,151.22 1 1
github.com/valtors/relay/cli_ui.go:152.13,153.20 1 1
github.com/valtors/relay/cli_ui.go:154.14,155.21 1 1
github.com/valtors/relay/cli_ui.go:156.13,157.20 1 1
github.com/valtors/relay/cli_ui.go:158.18,159.25 1 1
github.com/valtors/relay/cli_ui.go:160.10,161.38 1 0
github.com/valtors/relay/cli_ui.go:165.43,169.20 3 1
github.com/valtors/relay/cli_ui.go:170.26,171.22 1 1
github.com/valtors/relay/cli_ui.go:172.26,173.22 1 1
github.com/valtors/relay/cli_ui.go:174.26,175.23 1 1
github.com/valtors/relay/cli_ui.go:176.25,177.22 1 1
github.com/valtors/relay/cli_ui.go:178.26,179.24 1 1
github.com/valtors/relay/cli_ui.go:180.24,181.22 1 1
github.com/valtors/relay/cli_ui.go:182.27,183.25 1 1
github.com/valtors/relay/cli_ui.go:184.22,185.24 1 1
github.com/valtors/relay/cli_ui.go:186.17,187.19 1 1
github.com/valtors/relay/cli_ui.go:188.22,189.20 1 1
github.com/valtors/relay/cli_ui.go:190.19,191.17 1 1
github.com/valtors/relay/cli_ui.go:192.16,193.14 1 1
github.com/valtors/relay/cli_ui.go:194.17,195.15 1 1
github.com/valtors/relay/cli_ui.go:196.26,197.20 1 1
github.com/valtors/relay/cli_ui.go:198.23,199.25 1 1
github.com/valtors/relay/cli_ui.go:202.2,202.43 1 1
github.com/valtors/relay/cli_ui.go:205.57,209.47 3 1
github.com/valtors/relay/cli_ui.go:209.47,212.28 3 1
github.com/valtors/relay/cli_ui.go:212.28,214.4 1 1
github.com/valtors/relay/cli_ui.go:215.3,215.61 1 0
github.com/valtors/relay/cli_ui.go:218.2,218.15 1 1
github.com/valtors/relay/cli_ui.go:221.42,279.52 2 1
github.com/valtors/relay/cli_ui.go:279.52,280.48 1 1
github.com/valtors/relay/cli_ui.go:280.48,282.4 1 1
github.com/valtors/relay/cli_ui.go:284.2,284.14 1 1
github.com/valtors/relay/cli_ui.go:287.71,288.21 1 1
github.com/valtors/relay/cli_ui.go:288.21,290.3 1 0
github.com/valtors/relay/cli_ui.go:292.2,294.29 3 1
github.com/valtors/relay/cli_ui.go:294.29,295.24 1 1
github.com/valtors/relay/cli_ui.go:295.24,297.12 2 1
github.com/valtors/relay/cli_ui.go:300.3,301.33 2 1
github.com/valtors/relay/cli_ui.go:301.33,304.12 3 1
github.com/valtors/relay/cli_ui.go:306.3,306.22 1 1
github.com/valtors/relay/cli_ui.go:308.2,309.34 2 1
github.com/valtors/relay/cli_ui.go:312.41,313.17 1 1
github.com/valtors/relay/cli_ui.go:313.17,315.3 1 1
github.com/valtors/relay/cli_ui.go:316.2,318.22 3 1
github.com/valtors/relay/config.go:9.78,10.85 1 1
github.com/valtors/relay/config.go:11.23,12.11 1 1
github.com/valtors/relay/config.go:13.26,14.11 1 1
github.com/valtors/relay/config.go:17.2,36.30 8 1
github.com/valtors/relay/config.go:36.30,38.10 2 1
github.com/valtors/relay/config.go:39.18,40.55 1 1
github.com/valtors/relay/config.go:41.39,42.77 1 0
github.com/valtors/relay/config.go:43.11,44.55 1 0
github.com/valtors/relay/config.go:48.2,51.38 4 1
github.com/valtors/relay/config.go:51.38,54.33 3 1
github.com/valtors/relay/config.go:54.33,56.4 1 1
github.com/valtors/relay/config.go:57.3,60.23 4 1
github.com/valtors/relay/config.go:63.2,63.10 1 1
github.com/valtors/relay/config.go:66.36,69.2 2 1
github.com/valtors/relay/config.go:71.24,72.11 1 1
github.com/valtors/relay/config.go:72.11,74.3 1 1
github.com/valtors/relay/config.go:75.2,75.10 1 1
github.com/valtors/relay/doctor.go:44.78,46.16 2 0
github.com/valtors/relay/doctor.go:46.16,47.39 1 0
github.com/valtors/relay/doctor.go:47.39,50.4 2 0
github.com/valtors/relay/doctor.go:51.3,53.11 3 0
github.com/valtors/relay/doctor.go:56.2,67.27 11 0
github.com/valtors/relay/doctor.go:67.27,68.19 1 0
github.com/valtors/relay/doctor.go:69.12,70.10 1 0
github.com/valtors/relay/doctor.go:71.12,72.10 1 0
github.com/valtors/relay/doctor.go:73.12,74.10 1 0
github.com/valtors/relay/doctor.go:78.2,78.15 1 0
github.com/valtors/relay/doctor.go:78.15,86.28 2 0
github.com/valtors/relay/doctor.go:86.28,88.4 1 0
github.com/valtors/relay/doctor.go:89.3,91.44 3 0
github.com/valtors/relay/doctor.go:91.44,94.4 2 0
github.com/valtors/relay/doctor.go:95.3,95.15 1 0
github.com/valtors/relay/doctor.go:95.15,97.4 1 0
github.com/valtors/relay/doctor.go:98.3,98.11 1 0
github.com/valtors/relay/doctor.go:101.2,104.27 3 0
github.com/valtors/relay/doctor.go:104.27,108.3 3 0
github.com/valtors/relay/doctor.go:110.2,111.15 2 0
github.com/valtors/relay/doctor.go:111.15,113.3 1 0
github.com/valtors/relay/doctor.go:113.8,115.3 1 0
github.com/valtors/relay/doctor.go:117.2,117.14 1 0
github.com/valtors/relay/doctor.go:117.14,121.3 3 0
github.com/valtors/relay/doctor.go:123.2,123.14 1 0
github.com/valtors/relay/doctor.go:123.14,125.3 1 0
github.com/valtors/relay/doctor.go:126.2,126.10 1 0
github.com/valtors/relay/doctor.go:129.63,130.20 1 1
github.com/valtors/relay/doctor.go:130.20,132.3 1 1
github.com/valtors/relay/doctor.go:133.2,134.27 2 1
github.com/valtors/relay/doctor.go:134.27,135.14 1 1
github.com/valtors/relay/doctor.go:136.31,137.44 1 1
github.com/valtors/relay/doctor.go:138.16,139.19 1 1
github.com/valtors/relay/doctor.go:140.17,141.20 1 0
github.com/valtors/relay/doctor.go:142.11,143.88 1 1
github.com/valtors/relay/doctor.go:146.2,146.18 1 1
github.com/valtors/relay/doctor.go:149.36,158.2 8 1
github.com/valtors/relay/doctor.go:160.52,161.15 1 1
github.com/valtors/relay/doctor.go:161.15,163.3 1 1
github.com/valtors/relay/doctor.go:164.2,164.16 1 0
github.com/valtors/relay/doctor.go:165.11,166.23 1 0
github.com/valtors/relay/doctor.go:167.11,168.43 1 0
github.com/valtors/relay/doctor.go:168.43,170.4 1 0
github.com/valtors/relay/doctor.go:171.3,171.13 1 0
github.com/valtors/relay/doctor.go:172.11,173.43 1 0
github.com/valtors/relay/doctor.go:173.43,175.4 1 0
github.com/valtors/relay/doctor.go:176.3,176.13 1 0
github.com/valtors/relay/doctor.go:177.10,178.16 1 0
github.com/valtors/relay/doctor.go:182.38,184.16 2 0
github.com/valtors/relay/doctor.go:184.16,186.3 1 0
github.com/valtors/relay/doctor.go:188.2,189.16 2 0
github.com/valtors/relay/doctor.go:189.16,191.3 1 0
github.com/valtors/relay/doctor.go:193.2,196.16 4 0
github.com/valtors/relay/doctor.go:196.16,198.3 1 0
github.com/valtors/relay/doctor.go:200.2,201.103 2 0
github.com/valtors/relay/doctor.go:204.37,206.16 2 0
github.com/valtors/relay/doctor.go:206.16,208.3 1 0
github.com/valtors/relay/doctor.go:210.2,212.16 3 0
github.com/valtors/relay/doctor.go:212.16,214.3 1 0
github.com/valtors/relay/doctor.go:216.2,220.70 4 0
github.com/valtors/relay/doctor.go:220.70,222.3 1 0
github.com/valtors/relay/doctor.go:224.2,224.95 1 0
github.com/valtors/relay/doctor.go:227.41,230.16 3 0
github.com/valtors/relay/doctor.go:230.16,232.3 1 0
github.com/valtors/relay/doctor.go:234.2,241.35 1 0
github.com/valtors/relay/doctor.go:241.35,241.85 1 0
github.com/valtors/relay/doctor.go:246.32,249.5 2 0
github.com/valtors/relay/doctor.go:254.32,257.5 2 0
github.com/valtors/relay/doctor.go:262.2,262.33 1 0
github.com/valtors/relay/doctor.go:262.33,264.20 2 0
github.com/valtors/relay/doctor.go:264.20,266.12 2 0
github.com/valtors/relay/doctor.go:269.3,270.17 2 0
github.com/valtors/relay/doctor.go:270.17,271.26 1 0
github.com/valtors/relay/doctor.go:271.26,273.5 1 0
github.com/valtors/relay/doctor.go:273.10,275.5 1 0
github.com/valtors/relay/doctor.go:276.4,276.12 1 0
github.com/valtors/relay/doctor.go:279.3,280.52 2 0
github.com/valtors/relay/doctor.go:280.52,282.12 2 0
github.com/valtors/relay/doctor.go:285.3,286.10 2 0
github.com/valtors/relay/doctor.go:286.10,288.12 2 0
github.com/valtors/relay/doctor.go:291.3,291.34 1 0
github.com/valtors/relay/doctor.go:291.34,293.12 2 0
github.com/valtors/relay/doctor.go:296.3,297.10 2 0
github.com/valtors/relay/doctor.go:297.10,299.12 2 0
github.com/valtors/relay/doctor.go:302.3,303.23 2 0
github.com/valtors/relay/doctor.go:303.23,305.12 2 0
github.com/valtors/relay/doctor.go:308.3,308.71 1 0
github.com/valtors/relay/doctor.go:308.71,310.12 2 0
github.com/valtors/relay/doctor.go:313.3,313.68 1 0
github.com/valtors/relay/doctor.go:313.68,315.12 2 0
github.com/valtors/relay/doctor.go:318.3,318.112 1 0
github.com/valtors/relay/doctor.go:321.2,321.15 1 0
github.com/valtors/relay/doctor.go:324.39,327.42 2 0
github.com/valtors/relay/doctor.go:327.42,329.3 1 0
github.com/valtors/relay/doctor.go:329.8,331.3 1 0
github.com/valtors/relay/doctor.go:333.2,333.37 1 0
github.com/valtors/relay/doctor.go:333.37,335.3 1 0
github.com/valtors/relay/doctor.go:335.8,337.3 1 0
github.com/valtors/relay/doctor.go:339.2,339.15 1 0
github.com/valtors/relay/doctor.go:342.33,345.16 3 0
github.com/valtors/relay/doctor.go:345.16,347.3 1 0
github.com/valtors/relay/doctor.go:348.2,348.15 1 0
github.com/valtors/relay/doctor.go:348.15,348.40 1 0
github.com/valtors/relay/doctor.go:350.2,350.38 1 0
github.com/valtors/relay/doctor.go:350.38,352.3 1 0
github.com/valtors/relay/doctor.go:353.2,353.77 1 0
github.com/valtors/relay/doctor.go:356.37,357.31 1 0
github.com/valtors/relay/doctor.go:357.31,359.3 1 0
github.com/valtors/relay/doctor.go:361.2,363.16 3 0
github.com/valtors/relay/doctor.go:363.16,365.3 1 0
github.com/valtors/relay/doctor.go:367.2,368.43 2 0
github.com/valtors/relay/doctor.go:368.43,370.3 1 0
github.com/valtors/relay/doctor.go:372.2,372.79 1 0
github.com/valtors/relay/init.go:44.93,46.16 2 0
github.com/valtors/relay/init.go:46.16,47.39 1 0
github.com/valtors/relay/init.go:47.39,50.4 2 0
github.com/valtors/relay/init.go:52.3,54.11 3 0
github.com/valtors/relay/init.go:57.2,57.81 1 0
github.com/valtors/relay/init.go:60.119,62.16 2 1
github.com/valtors/relay/init.go:62.16,65.3 2 0
github.com/valtors/relay/init.go:67.2,67.15 1 1
github.com/valtors/relay/init.go:67.15,71.3 3 0
github.com/valtors/relay/init.go:73.2,76.23 3 1
github.com/valtors/relay/init.go:76.23,79.3 2 0
github.com/valtors/relay/init.go:81.2,85.16 4 1
github.com/valtors/relay/init.go:85.16,88.3 2 0
github.com/valtors/relay/init.go:90.2,91.16 2 1
github.com/valtors/relay/init.go:91.16,94.3 2 0
github.com/valtors/relay/init.go:96.2,97.16 2 1
github.com/valtors/relay/init.go:97.16,100.3 2 0
github.com/valtors/relay/init.go:102.2,103.30 2 1
github.com/valtors/relay/init.go:103.30,105.3 1 0
github.com/valtors/relay/init.go:105.8,106.30 1 1
github.com/valtors/relay/init.go:106.30,108.4 1 0
github.com/valtors/relay/init.go:109.3,109.96 1 1
github.com/valtors/relay/init.go:112.2,114.10 3 1
github.com/valtors/relay/init.go:117.59,124.39 5 0
github.com/valtors/relay/init.go:124.39,125.35 1 0
github.com/valtors/relay/init.go:125.35,127.4 1 0
github.com/valtors/relay/init.go:128.3,128.28 1 0
github.com/valtors/relay/init.go:131.2,131.20 1 0
github.com/valtors/relay/init.go:131.20,133.3 1 0
github.com/valtors/relay/init.go:135.2,135.18 1 0
github.com/valtors/relay/init.go:138.59,140.16 2 1
github.com/valtors/relay/init.go:140.16,142.3 1 0
github.com/valtors/relay/init.go:144.2,145.16 2 1
github.com/valtors/relay/init.go:145.16,147.3 1 0
github.com/valtors/relay/init.go:149.2,151.112 2 1
github.com/valtors/relay/init.go:151.112,157.3 1 1
github.com/valtors/relay/init.go:159.2,159.89 1 1
github.com/valtors/relay/init.go:159.89,165.3 1 1
github.com/valtors/relay/init.go:167.2,167.80 1 1
github.com/valtors/relay/init.go:167.80,173.3 1 1
github.com/valtors/relay/init.go:175.2,175.21 1 1
github.com/valtors/relay/init.go:178.58,179.14 1 1
github.com/valtors/relay/init.go:180.17,182.20 2 0
github.com/valtors/relay/init.go:182.20,184.4 1 0
github.com/valtors/relay/init.go:185.3,185.72 1 0
github.com/valtors/relay/init.go:186.16,187.106 1 0
github.com/valtors/relay/init.go:188.10,189.83 1 1
github.com/valtors/relay/init.go:193.96,195.36 2 1
github.com/valtors/relay/init.go:195.36,197.3 1 1
github.com/valtors/relay/init.go:199.2,200.33 2 1
github.com/valtors/relay/init.go:200.33,202.3 1 0
github.com/valtors/relay/init.go:204.2,204.53 1 1
github.com/valtors/relay/init.go:204.53,206.3 1 0
github.com/valtors/relay/init.go:208.2,208.11 1 1
github.com/valtors/relay/init.go:211.87,213.36 2 1
github.com/valtors/relay/init.go:213.36,215.3 1 0
github.com/valtors/relay/init.go:217.2,217.61 1 1
github.com/valtors/relay/init.go:217.61,219.3 1 1
github.com/valtors/relay/init.go:221.2,221.11 1 1
github.com/valtors/relay/init.go:224.81,225.29 1 1
github.com/valtors/relay/init.go:225.29,226.43 1 1
github.com/valtors/relay/init.go:226.43,228.4 1 1
github.com/valtors/relay/init.go:230.2,230.14 1 1
github.com/valtors/relay/init.go:233.56,234.41 1 1
github.com/valtors/relay/init.go:234.41,236.3 1 1
github.com/valtors/relay/init.go:238.2,238.21 1 1
github.com/valtors/relay/init.go:238.21,240.3 1 1
github.com/valtors/relay/init.go:242.2,243.19 2 1
github.com/valtors/relay/init.go:246.50,247.14 1 0
github.com/valtors/relay/init.go:247.14,250.3 2 0
github.com/valtors/relay/init.go:253.64,254.23 1 1
github.com/valtors/relay/init.go:254.23,258.3 3 0
github.com/valtors/relay/init.go:260.2,261.33 2 1
github.com/valtors/relay/init.go:261.33,263.3 1 1
github.com/valtors/relay/init.go:266.101,267.23 1 1
github.com/valtors/relay/init.go:267.23,269.3 1 1
github.com/valtors/relay/init.go:271.2,272.6 2 0
github.com/valtors/relay/init.go:272.6,274.22 2 0
github.com/valtors/relay/init.go:274.22,275.40 1 0
github.com/valtors/relay/init.go:275.40,277.5 1 0
github.com/valtors/relay/init.go:278.4,278.22 1 0
github.com/valtors/relay/init.go:281.3,283.54 3 0
github.com/valtors/relay/init.go:283.54,285.12 2 0
github.com/valtors/relay/init.go:288.3,289.32 2 0
github.com/valtors/relay/init.go:299.86,301.16 2 1
github.com/valtors/relay/init.go:301.16,303.3 1 0
github.com/valtors/relay/init.go:305.2,306.16 2 1
github.com/valtors/relay/init.go:306.16,308.3 1 0
github.com/valtors/relay/init.go:310.2,310.32 1 1
github.com/valtors/relay/init.go:310.32,315.3 1 1
github.com/valtors/relay/init.go:317.2,322.76 3 1
github.com/valtors/relay/init.go:322.76,324.3 1 0
github.com/valtors/relay/init.go:326.2,327.12 2 1
github.com/valtors/relay/init.go:327.12,329.65 2 1
github.com/valtors/relay/init.go:329.65,331.4 1 0
github.com/valtors/relay/init.go:332.3,332.33 1 1
github.com/valtors/relay/init.go:335.2,336.16 2 1
github.com/valtors/relay/init.go:336.16,338.3 1 0
github.com/valtors/relay/init.go:339.2,341.69 2 1
github.com/valtors/relay/init.go:341.69,343.3 1 0
github.com/valtors/relay/init.go:345.2,345.20 1 1
github.com/valtors/relay/init.go:348.60,350.16 2 1
github.com/valtors/relay/init.go:350.16,351.25 1 1
github.com/valtors/relay/init.go:351.25,353.4 1 1
github.com/valtors/relay/init.go:354.3,354.25 1 0
github.com/valtors/relay/init.go:357.2,357.47 1 1
github.com/valtors/relay/init.go:357.47,359.3 1 0
github.com/valtors/relay/init.go:361.2,362.54 2 1
github.com/valtors/relay/init.go:362.54,364.3 1 0
github.com/valtors/relay/init.go:366.2,366.19 1 1
github.com/valtors/relay/init.go:366.19,368.3 1 0
github.com/valtors/relay/init.go:370.2,370.26 1 1
github.com/valtors/relay/init.go:373.78,375.25 2 1
github.com/valtors/relay/init.go:375.25,377.3 1 1
github.com/valtors/relay/init.go:379.2,380.9 2 1
github.com/valtors/relay/init.go:380.9,382.3 1 0
github.com/valtors/relay/init.go:384.2,384.17 1 1
github.com/valtors/relay/init.go:387.38,389.16 2 1
github.com/valtors/relay/init.go:389.16,391.3 1 0
github.com/valtors/relay/init.go:392.2,392.39 1 1
github.com/valtors/relay/init.go:395.38,397.16 2 1
github.com/valtors/relay/init.go:397.16,399.3 1 0
github.com/valtors/relay/init.go:401.2,401.104 1 1
github.com/valtors/relay/init.go:401.104,403.3 1 1
github.com/valtors/relay/init.go:405.2,405.13 1 0
github.com/valtors/relay/init.go:408.41,409.16 1 1
github.com/valtors/relay/init.go:410.24,411.34 1 1
github.com/valtors/relay/init.go:412.16,413.26 1 0
github.com/valtors/relay/init.go:414.10,415.27 1 0
github.com/valtors/relay/init.go:419.40,420.17 1 1
github.com/valtors/relay/init.go:420.17,422.3 1 0
github.com/valtors/relay/init.go:423.2,425.22 3 1
github.com/valtors/relay/main.go:45.13,47.2 1 0
github.com/valtors/relay/main.go:49.58,54.20 4 1
github.com/valtors/relay/main.go:54.20,56.3 1 0
github.com/valtors/relay/main.go:58.2,58.17 1 1
github.com/valtors/relay/main.go:59.30,61.11 2 1
github.com/valtors/relay/main.go:62.15,63.68 1 0
github.com/valtors/relay/main.go:64.15,65.61 1 1
github.com/valtors/relay/main.go:66.14,67.70 1 0
github.com/valtors/relay/main.go:68.16,69.62 1 1
github.com/valtors/relay/main.go:70.16,71.62 1 0
github.com/valtors/relay/main.go:72.36,73.53 1 1
github.com/valtors/relay/main.go:74.10,75.38 1 1
github.com/valtors/relay/main.go:75.38,77.4 1 0
github.com/valtors/relay/main.go:79.3,81.11 3 1
github.com/valtors/relay/main.go:85.94,87.16 2 0
github.com/valtors/relay/main.go:87.16,88.39 1 0
github.com/valtors/relay/main.go:88.39,91.4 2 0
github.com/valtors/relay/main.go:93.3,95.11 3 0
github.com/valtors/relay/main.go:98.2,98.44 1 0
github.com/valtors/relay/main.go:98.44,103.3 4 0
github.com/valtors/relay/main.go:105.2,105.39 1 0
github.com/valtors/relay/main.go:105.39,108.3 2 0
github.com/valtors/relay/main.go:110.2,110.10 1 0
github.com/valtors/relay/main.go:113.77,115.16 2 1
github.com/valtors/relay/main.go:115.16,116.39 1 0
github.com/valtors/relay/main.go:116.39,119.4 2 0
github.com/valtors/relay/main.go:121.3,123.11 3 0
github.com/valtors/relay/main.go:126.2,127.15 2 1
github.com/valtors/relay/main.go:127.15,130.46 3 1
github.com/valtors/relay/main.go:130.46,133.4 2 0
github.com/valtors/relay/main.go:134.3,134.11 1 1
github.com/valtors/relay/main.go:137.2,141.38 4 1
github.com/valtors/relay/main.go:141.38,144.33 3 1
github.com/valtors/relay/main.go:144.33,146.4 1 1
github.com/valtors/relay/main.go:147.3,150.28 4 1
github.com/valtors/relay/main.go:150.28,152.4 1 1
github.com/valtors/relay/main.go:155.2,155.10 1 1
github.com/valtors/relay/main.go:158.78,159.85 1 1
github.com/valtors/relay/main.go:160.23,161.11 1 0
github.com/valtors/relay/main.go:162.26,163.11 1 0
github.com/valtors/relay/main.go:166.2,168.10 3 1
github.com/valtors/relay/main.go:171.69,172.87 1 1
github.com/valtors/relay/main.go:173.23,174.11 1 0
github.com/valtors/relay/main.go:175.26,176.11 1 0
github.com/valtors/relay/main.go:179.2,180.10 2 1
github.com/valtors/relay/main.go:183.61,191.39 6 0
github.com/valtors/relay/main.go:191.39,192.35 1 0
github.com/valtors/relay/main.go:192.35,194.4 1 0
github.com/valtors/relay/main.go:195.3,195.29 1 0
github.com/valtors/relay/main.go:198.2,198.20 1 0
github.com/valtors/relay/main.go:198.20,200.3 1 0
github.com/valtors/relay/main.go:202.2,202.18 1 0
github.com/valtors/relay/main.go:205.61,212.39 5 1
github.com/valtors/relay/main.go:212.39,213.35 1 0
github.com/valtors/relay/main.go:213.35,215.4 1 0
github.com/valtors/relay/main.go:216.3,216.29 1 0
github.com/valtors/relay/main.go:219.2,219.20 1 1
github.com/valtors/relay/main.go:219.20,221.3 1 0
github.com/valtors/relay/main.go:223.2,223.18 1 1
github.com/valtors/relay/main.go:234.127,235.20 1 1
github.com/valtors/relay/main.go:235.20,237.3 1 1
github.com/valtors/relay/main.go:239.2,239.27 1 1
github.com/valtors/relay/main.go:239.27,240.54 1 1
github.com/valtors/relay/main.go:240.54,243.4 2 1
github.com/valtors/relay/main.go:246.2,248.27 3 1
github.com/valtors/relay/main.go:251.40,255.15 3 0
github.com/valtors/relay/main.go:255.15,257.3 1 0
github.com/valtors/relay/main.go:259.2,260.29 2 0
github.com/valtors/relay/main.go:263.38,274.2 5 1
github.com/valtors/relay/main.go:276.56,280.12 3 0
github.com/valtors/relay/main.go:280.12,285.86 2 0
github.com/valtors/relay/main.go:285.86,287.4 1 0
github.com/valtors/relay/main.go:290.2,294.9 4 0
github.com/valtors/relay/main.go:295.22,296.13 1 0
github.com/valtors/relay/main.go:297.22,301.31 4 0
github.com/valtors/relay/main.go:305.35,308.29 3 1
github.com/valtors/relay/main.go:308.29,314.3 1 1
github.com/valtors/relay/main.go:316.2,316.38 1 1
github.com/valtors/relay/main.go:316.38,317.41 1 1
github.com/valtors/relay/main.go:317.41,319.4 1 1
github.com/valtors/relay/main.go:320.3,320.35 1 1
github.com/valtors/relay/main.go:323.2,323.12 1 1
github.com/valtors/relay/main.go:326.70,328.33 2 1
github.com/valtors/relay/main.go:328.33,330.3 1 1
github.com/valtors/relay/main.go:331.2,331.15 1 1
github.com/valtors/relay/main.go:334.65,336.31 2 1
github.com/valtors/relay/main.go:336.31,338.3 1 1
github.com/valtors/relay/main.go:339.2,340.14 2 1
github.com/valtors/relay/main.go:343.45,345.33 2 1
github.com/valtors/relay/main.go:345.33,347.3 1 1
github.com/valtors/relay/main.go:348.2,348.18 1 1
github.com/valtors/relay/main.go:351.56,353.23 2 1
github.com/valtors/relay/main.go:353.23,355.3 1 0
github.com/valtors/relay/main.go:356.2,356.14 1 1
github.com/valtors/relay/main.go:356.14,358.3 1 0
github.com/valtors/relay/main.go:359.2,359.38 1 1
github.com/valtors/relay/main.go:362.40,394.2 12 1
github.com/valtors/relay/main.go:396.35,402.2 5 0
github.com/valtors/relay/main.go:404.35,407.2 2 0
github.com/valtors/relay/main.go:409.34,412.2 2 0
github.com/valtors/relay/main.go:414.36,417.2 2 0
github.com/valtors/relay/main.go:419.37,422.2 2 0
github.com/valtors/relay/cmd/genkeys/main.go:14.13,18.52 3 0
github.com/valtors/relay/cmd/genkeys/main.go:18.52,20.3 1 0
github.com/valtors/relay/cmd/genkeys/main.go:22.2,23.16 2 0
github.com/valtors/relay/cmd/genkeys/main.go:23.16,25.3 1 0
github.com/valtors/relay/cmd/genkeys/main.go:27.2,28.16 2 0
github.com/valtors/relay/cmd/genkeys/main.go:28.16,30.3 1 0
github.com/valtors/relay/cmd/genkeys/main.go:31.2,32.16 2 0
github.com/valtors/relay/cmd/genkeys/main.go:32.16,34.3 1 0
github.com/valtors/relay/cmd/genkeys/main.go:36.2,39.45 3 0
github.com/valtors/relay/cmd/genkeys/main.go:39.45,43.3 3 0
github.com/valtors/relay/cmd/genkeys/main.go:45.2,49.59 4 0
github.com/valtors/relay/cmd/genkeys/main.go:52.64,54.16 2 0
github.com/valtors/relay/cmd/genkeys/main.go:54.16,56.3 1 0
github.com/valtors/relay/cmd/genkeys/main.go:57.2,58.74 2 0
github.com/valtors/relay/cmd/genkeys/main.go:58.74,60.3 1 0
github.com/valtors/relay/cmd/genkeys/main.go:63.21,66.2 2 0
github.com/valtors/relay/cmd/genlicense/main.go:13.13,21.37 3 0
github.com/valtors/relay/cmd/genlicense/main.go:21.37,23.3 1 0
github.com/valtors/relay/cmd/genlicense/main.go:24.2,24.32 1 0
github.com/valtors/relay/cmd/genlicense/main.go:24.32,26.3 1 0
github.com/valtors/relay/cmd/genlicense/main.go:28.2,29.16 2 0
github.com/valtors/relay/cmd/genlicense/main.go:29.16,31.3 1 0
github.com/valtors/relay/cmd/genlicense/main.go:33.2,39.16 3 0
github.com/valtors/relay/cmd/genlicense/main.go:39.16,41.3 1 0
github.com/valtors/relay/cmd/genlicense/main.go:43.2,44.16 2 0
github.com/valtors/relay/cmd/genlicense/main.go:44.16,45.68 1 0
github.com/valtors/relay/cmd/genlicense/main.go:45.68,47.4 1 0
github.com/valtors/relay/cmd/genlicense/main.go:50.2,52.18 3 0
github.com/valtors/relay/cmd/genlicense/main.go:55.35,58.2 2 0
github.com/valtors/relay/internal/ctxguard/guard.go:10.42,11.30 1 1
github.com/valtors/relay/internal/ctxguard/guard.go:11.30,13.3 1 1
github.com/valtors/relay/internal/ctxguard/guard.go:14.2,17.3 1 1
github.com/valtors/relay/internal/ctxguard/guard.go:26.33,27.32 1 1
github.com/valtors/relay/internal/ctxguard/guard.go:27.32,29.3 1 1
github.com/valtors/relay/internal/ctxguard/guard.go:31.2,32.26 2 1
github.com/valtors/relay/internal/ctxguard/guard.go:32.26,33.17 1 1
github.com/valtors/relay/internal/ctxguard/guard.go:33.17,34.22 1 1
github.com/valtors/relay/internal/ctxguard/guard.go:34.22,36.5 1 1
github.com/valtors/relay/internal/ctxguard/guard.go:37.4,37.25 1 1
github.com/valtors/relay/internal/ctxguard/guard.go:38.9,39.22 1 1
github.com/valtors/relay/internal/ctxguard/guard.go:39.22,41.5 1 1
github.com/valtors/relay/internal/ctxguard/guard.go:42.4,42.25 1 1
github.com/valtors/relay/internal/ctxguard/guard.go:46.2,47.27 2 1
github.com/valtors/relay/internal/ctxguard/guard.go:47.27,49.3 1 1
github.com/valtors/relay/internal/ctxguard/guard.go:50.2,50.17 1 0
github.com/valtors/relay/internal/license/license.go:35.33,37.16 2 1
github.com/valtors/relay/internal/license/license.go:37.16,39.3 1 1
github.com/valtors/relay/internal/license/license.go:40.2,41.16 2 0
github.com/valtors/relay/internal/license/license.go:41.16,43.3 1 0
github.com/valtors/relay/internal/license/license.go:44.2,44.15 1 0
github.com/valtors/relay/internal/license/license.go:47.49,49.2 1 1
github.com/valtors/relay/internal/license/license.go:51.68,53.2 1 1
github.com/valtors/relay/internal/license/license.go:55.61,56.15 1 1
github.com/valtors/relay/internal/license/license.go:56.15,58.3 1 1
github.com/valtors/relay/internal/license/license.go:59.2,59.37 1 1
github.com/valtors/relay/internal/license/license.go:59.37,61.3 1 1
github.com/valtors/relay/internal/license/license.go:62.2,65.21 3 1
github.com/valtors/relay/internal/license/license.go:65.21,67.3 1 1
github.com/valtors/relay/internal/license/license.go:69.2,70.16 2 1
github.com/valtors/relay/internal/license/license.go:70.16,72.3 1 0
github.com/valtors/relay/internal/license/license.go:73.2,74.16 2 1
github.com/valtors/relay/internal/license/license.go:74.16,76.3 1 1
github.com/valtors/relay/internal/license/license.go:78.2,79.16 2 1
github.com/valtors/relay/internal/license/license.go:79.16,81.3 1 0
github.com/valtors/relay/internal/license/license.go:83.2,83.44 1 1
github.com/valtors/relay/internal/license/license.go:83.44,85.3 1 1
github.com/valtors/relay/internal/license/license.go:87.2,88.56 2 1
github.com/valtors/relay/internal/license/license.go:88.56,90.3 1 0
github.com/valtors/relay/internal/license/license.go:91.2,91.60 1 1
github.com/valtors/relay/internal/license/license.go:91.60,93.3 1 0
github.com/valtors/relay/internal/license/license.go:95.2,96.16 2 1
github.com/valtors/relay/internal/license/license.go:96.16,98.3 1 0
github.com/valtors/relay/internal/license/license.go:99.2,99.47 1 1
github.com/valtors/relay/internal/license/license.go:99.47,101.3 1 1
github.com/valtors/relay/internal/license/license.go:102.2,102.16 1 1
github.com/valtors/relay/internal/license/license.go:105.37,106.56 1 1
github.com/valtors/relay/internal/license/license.go:106.56,108.3 1 1
github.com/valtors/relay/internal/license/license.go:109.2,110.16 2 1
github.com/valtors/relay/internal/license/license.go:110.16,112.46 2 1
github.com/valtors/relay/internal/license/license.go:112.46,114.4 1 0
github.com/valtors/relay/internal/license/license.go:116.2,116.32 1 1
github.com/valtors/relay/internal/license/license.go:121.36,123.2 1 1
github.com/valtors/relay/internal/license/license.go:125.40,130.30 4 1
github.com/valtors/relay/internal/license/license.go:130.30,139.3 8 1
github.com/valtors/relay/internal/license/license.go:139.8,146.3 6 1
github.com/valtors/relay/internal/license/license.go:147.2,148.20 2 1
github.com/valtors/relay/internal/license/license.go:151.39,152.17 1 1
github.com/valtors/relay/internal/license/license.go:152.17,154.3 1 1
github.com/valtors/relay/internal/license/license.go:155.2,155.24 1 0
github.com/valtors/relay/internal/license/license.go:158.65,160.18 2 1
github.com/valtors/relay/internal/license/license.go:160.18,162.3 1 0
github.com/valtors/relay/internal/license/license.go:163.2,164.16 2 1
github.com/valtors/relay/internal/license/license.go:164.16,166.3 1 0
github.com/valtors/relay/internal/license/license.go:167.2,168.9 2 1
github.com/valtors/relay/internal/license/license.go:168.9,170.3 1 0
github.com/valtors/relay/internal/license/license.go:171.2,171.19 1 1
github.com/valtors/relay/internal/license/license.go:174.57,175.60 1 1
github.com/valtors/relay/internal/license/license.go:175.60,177.3 1 0
github.com/valtors/relay/internal/license/license.go:178.2,178.62 1 1
github.com/valtors/relay/internal/license/license.go:178.62,180.3 1 0
github.com/valtors/relay/internal/license/license.go:181.2,181.61 1 1
github.com/valtors/relay/internal/license/license.go:181.61,183.3 1 0
github.com/valtors/relay/internal/license/license.go:185.2,186.16 2 1
github.com/valtors/relay/internal/license/license.go:186.16,188.3 1 0
github.com/valtors/relay/internal/license/license.go:189.2,190.16 2 1
github.com/valtors/relay/internal/license/license.go:190.16,192.3 1 0
github.com/valtors/relay/internal/license/license.go:193.2,196.49 2 1
github.com/valtors/relay/internal/license/license.go:199.67,201.18 2 1
github.com/valtors/relay/internal/license/license.go:201.18,203.3 1 0
github.com/valtors/relay/internal/license/license.go:204.2,205.16 2 1
github.com/valtors/relay/internal/license/license.go:205.16,207.3 1 0
github.com/valtors/relay/internal/license/license.go:208.2,209.9 2 1
github.com/valtors/relay/internal/license/license.go:209.9,211.3 1 0
github.com/valtors/relay/internal/license/license.go:212.2,212.20 1 1
github.com/valtors/relay/internal/logger/logger.go:13.13,17.2 1 1
github.com/valtors/relay/internal/logger/logger.go:19.36,20.11 1 1
github.com/valtors/relay/internal/logger/logger.go:20.11,22.3 1 1
github.com/valtors/relay/internal/logger/logger.go:23.2,23.22 1 1
github.com/valtors/relay/internal/logger/logger.go:25.37,25.61 1 1
github.com/valtors/relay/internal/logger/logger.go:26.37,26.62 1 1
github.com/valtors/relay/internal/logger/logger.go:27.37,27.62 1 1
github.com/valtors/relay/internal/logger/logger.go:29.20,29.48 1 0
github.com/valtors/relay/internal/registry/registry.go:21.22,25.2 1 1
github.com/valtors/relay/internal/registry/registry.go:27.92,36.2 3 1
github.com/valtors/relay/internal/registry/registry.go:38.53,39.32 1 1
github.com/valtors/relay/internal/registry/registry.go:39.32,41.3 1 1
github.com/valtors/relay/internal/registry/registry.go:44.34,51.2 5 1
github.com/valtors/relay/internal/registry/registry.go:53.54,58.31 4 1
github.com/valtors/relay/internal/registry/registry.go:58.31,59.27 1 1
github.com/valtors/relay/internal/registry/registry.go:59.27,61.4 1 1
github.com/valtors/relay/internal/registry/registry.go:63.2,63.14 1 1
github.com/valtors/relay/internal/registry/registry.go:66.32,71.2 3 1
github.com/valtors/relay/internal/search/ddg.go:29.74,30.16 1 1
github.com/valtors/relay/internal/search/ddg.go:30.16,32.3 1 0
github.com/valtors/relay/internal/search/ddg.go:33.2,36.16 3 1
github.com/valtors/relay/internal/search/ddg.go:36.16,38.3 1 0
github.com/valtors/relay/internal/search/ddg.go:39.2,44.16 4 1
github.com/valtors/relay/internal/search/ddg.go:44.16,46.3 1 1
github.com/valtors/relay/internal/search/ddg.go:47.2,47.15 1 1
github.com/valtors/relay/internal/search/ddg.go:47.15,47.40 1 1
github.com/valtors/relay/internal/search/ddg.go:48.2,49.16 2 1
github.com/valtors/relay/internal/search/ddg.go:49.16,51.3 1 0
github.com/valtors/relay/internal/search/ddg.go:52.2,58.27 5 1
github.com/valtors/relay/internal/search/ddg.go:58.27,59.17 1 1
github.com/valtors/relay/internal/search/ddg.go:59.17,60.9 1 0
github.com/valtors/relay/internal/search/ddg.go:62.3,66.24 2 1
github.com/valtors/relay/internal/search/ddg.go:66.24,68.4 1 1
github.com/valtors/relay/internal/search/ddg.go:69.3,69.35 1 1
github.com/valtors/relay/internal/search/ddg.go:69.35,70.12 1 0
github.com/valtors/relay/internal/search/ddg.go:72.3,72.23 1 1
github.com/valtors/relay/internal/search/ddg.go:74.2,74.19 1 1
github.com/valtors/relay/internal/search/ddg.go:74.19,76.3 1 1
github.com/valtors/relay/internal/search/ddg.go:77.2,77.17 1 1
github.com/valtors/relay/internal/search/ddg.go:80.77,83.28 3 1
github.com/valtors/relay/internal/search/ddg.go:83.28,85.14 2 1
github.com/valtors/relay/internal/search/ddg.go:85.14,86.12 1 1
github.com/valtors/relay/internal/search/ddg.go:88.3,89.17 2 0
github.com/valtors/relay/internal/search/ddg.go:89.17,90.12 1 0
github.com/valtors/relay/internal/search/ddg.go:92.3,92.29 1 0
github.com/valtors/relay/internal/search/ddg.go:92.29,93.19 1 0
github.com/valtors/relay/internal/search/ddg.go:93.19,94.13 1 0
github.com/valtors/relay/internal/search/ddg.go:96.4,97.24 2 0
github.com/valtors/relay/internal/search/ddg.go:100.2,100.12 1 1
github.com/valtors/relay/internal/search/ddg.go:103.47,104.23 1 1
github.com/valtors/relay/internal/search/ddg.go:104.23,106.3 1 1
github.com/valtors/relay/internal/search/ddg.go:107.2,108.28 2 1
github.com/valtors/relay/internal/search/ddg.go:108.28,112.3 3 1
github.com/valtors/relay/internal/search/ddg.go:113.2,113.20 1 1
github.com/valtors/relay/internal/search/ddg.go:116.41,122.2 5 1
github.com/valtors/relay/internal/search/ddg.go:124.32,125.80 1 1
github.com/valtors/relay/internal/search/ddg.go:125.80,126.49 1 1
github.com/valtors/relay/internal/search/ddg.go:126.49,128.49 2 1
github.com/valtors/relay/internal/search/ddg.go:128.49,130.5 1 1
github.com/valtors/relay/internal/search/ddg.go:131.4,131.55 1 1
github.com/valtors/relay/internal/search/ddg.go:131.55,133.5 1 1
github.com/valtors/relay/internal/search/ddg.go:136.2,136.10 1 1
github.com/valtors/relay/internal/search/ddg.go:139.33,150.2 10 1
github.com/valtors/relay/internal/state/state.go:37.34,39.48 2 1
github.com/valtors/relay/internal/state/state.go:39.48,41.3 1 0
github.com/valtors/relay/internal/state/state.go:42.2,42.17 1 1
github.com/valtors/relay/internal/state/state.go:45.19,47.16 2 1
github.com/valtors/relay/internal/state/state.go:47.16,49.3 1 0
github.com/valtors/relay/internal/state/state.go:50.2,50.10 1 1
github.com/valtors/relay/internal/state/state.go:53.50,55.16 2 1
github.com/valtors/relay/internal/state/state.go:55.16,57.3 1 0
github.com/valtors/relay/internal/state/state.go:58.2,61.70 3 1
github.com/valtors/relay/internal/state/state.go:61.70,63.3 1 0
github.com/valtors/relay/internal/state/state.go:64.2,64.54 1 1
github.com/valtors/relay/internal/state/state.go:64.54,67.3 2 0
github.com/valtors/relay/internal/state/state.go:69.2,70.12 2 1
github.com/valtors/relay/internal/state/state.go:73.50,75.16 2 1
github.com/valtors/relay/internal/state/state.go:75.16,77.3 1 0
github.com/valtors/relay/internal/state/state.go:78.2,80.36 3 1
github.com/valtors/relay/internal/state/state.go:80.36,82.3 1 1
github.com/valtors/relay/internal/state/state.go:83.2,83.16 1 1
github.com/valtors/relay/internal/state/state.go:83.16,85.3 1 0
github.com/valtors/relay/internal/state/state.go:86.2,86.23 1 1
github.com/valtors/relay/internal/state/state.go:89.50,90.21 1 1
github.com/valtors/relay/internal/state/state.go:90.21,92.3 1 0
github.com/valtors/relay/internal/state/state.go:93.2,94.36 2 1
github.com/valtors/relay/internal/state/state.go:94.36,96.3 1 1
github.com/valtors/relay/internal/state/state.go:97.2,97.16 1 1
github.com/valtors/relay/internal/state/state.go:97.16,99.3 1 0
github.com/valtors/relay/internal/state/state.go:100.2,100.23 1 1
github.com/valtors/relay/internal/state/state.go:103.41,105.16 2 1
github.com/valtors/relay/internal/state/state.go:105.16,107.3 1 0
github.com/valtors/relay/internal/state/state.go:108.2,109.19 2 1
github.com/valtors/relay/internal/state/state.go:112.48,114.16 2 1
github.com/valtors/relay/internal/state/state.go:114.16,116.3 1 0
github.com/valtors/relay/internal/state/state.go:117.2,117.50 1 1
github.com/valtors/relay/internal/state/state.go:120.41,122.16 2 1
github.com/valtors/relay/internal/state/state.go:122.16,124.3 1 0
github.com/valtors/relay/internal/state/state.go:126.2,127.43 2 1
github.com/valtors/relay/internal/state/state.go:127.43,129.17 2 1
github.com/valtors/relay/internal/state/state.go:129.17,130.25 1 1
github.com/valtors/relay/internal/state/state.go:130.25,132.5 1 1
github.com/valtors/relay/internal/state/state.go:133.4,134.18 2 1
github.com/valtors/relay/internal/state/state.go:134.18,135.55 1 1
github.com/valtors/relay/internal/state/state.go:135.55,137.6 1 0
github.com/valtors/relay/internal/state/state.go:139.4,140.17 2 1
github.com/valtors/relay/internal/state/state.go:144.2,144.66 1 1
github.com/valtors/relay/internal/state/state.go:147.35,148.47 1 1
github.com/valtors/relay/internal/state/state.go:148.47,150.3 1 1
github.com/valtors/relay/internal/state/state.go:153.42,155.2 1 1
github.com/valtors/relay/internal/state/state.go:157.51,165.2 1 1
github.com/valtors/relay/internal/state/state.go:167.42,169.16 2 1
github.com/valtors/relay/internal/state/state.go:169.16,171.3 1 0
github.com/valtors/relay/internal/state/state.go:172.2,173.59 2 1
github.com/valtors/relay/internal/state/state.go:173.59,175.3 1 0
github.com/valtors/relay/internal/state/state.go:176.2,176.33 1 1
github.com/valtors/relay/internal/state/state.go:176.33,178.3 1 0
github.com/valtors/relay/internal/state/state.go:179.2,179.28 1 1
github.com/valtors/relay/internal/state/state.go:179.28,181.3 1 0
github.com/valtors/relay/internal/state/state.go:182.2,182.19 1 1
github.com/valtors/relay/internal/state/state.go:185.46,187.16 2 1
github.com/valtors/relay/internal/state/state.go:187.16,189.3 1 0
github.com/valtors/relay/internal/state/state.go:190.2,190.41 1 1
github.com/valtors/relay/internal/state/state.go:190.41,191.17 1 0
github.com/valtors/relay/internal/state/state.go:191.17,193.4 1 0
github.com/valtors/relay/internal/state/state.go:195.2,196.34 2 1
github.com/valtors/relay/internal/state/state.go:199.43,201.16 2 1
github.com/valtors/relay/internal/state/state.go:201.16,203.3 1 0
github.com/valtors/relay/internal/state/state.go:204.2,204.41 1 1
github.com/valtors/relay/internal/state/state.go:204.41,205.17 1 0
github.com/valtors/relay/internal/state/state.go:205.17,207.4 1 0
github.com/valtors/relay/internal/state/state.go:209.2,209.14 1 1
github.com/valtors/relay/internal/state/state.go:212.54,214.16 2 1
github.com/valtors/relay/internal/state/state.go:214.16,216.3 1 0
github.com/valtors/relay/internal/state/state.go:217.2,219.50 3 1
github.com/valtors/relay/internal/state/state.go:219.50,221.3 1 0
github.com/valtors/relay/internal/state/state.go:222.2,222.15 1 1
github.com/valtors/relay/internal/state/state.go:225.52,227.16 2 1
github.com/valtors/relay/internal/state/state.go:227.16,229.3 1 0
github.com/valtors/relay/internal/state/state.go:230.2,231.34 2 1
github.com/valtors/relay/internal/state/state.go:234.44,236.16 2 1
github.com/valtors/relay/internal/state/state.go:236.16,238.3 1 1
github.com/valtors/relay/internal/state/state.go:239.2,239.28 1 0
github.com/valtors/relay/internal/state/state.go:239.28,241.3 1 0
github.com/valtors/relay/internal/state/state.go:242.2,249.18 2 0
github.com/valtors/relay/internal/state/state.go:252.46,254.16 2 1
github.com/valtors/relay/internal/state/state.go:254.16,256.3 1 0
github.com/valtors/relay/internal/state/state.go:257.2,257.41 1 1
github.com/valtors/relay/internal/state/state.go:260.22,262.2 1 1
github.com/valtors/relay/prompts/prompts.go:11.40,13.16 2 0
github.com/valtors/relay/prompts/prompts.go:13.16,15.3 1 0
github.com/valtors/relay/prompts/prompts.go:16.2,16.23 1 0
github.com/valtors/relay/internal/claude/client.go:28.34,29.32 1 1
github.com/valtors/relay/internal/claude/client.go:29.32,31.3 1 1
github.com/valtors/relay/internal/claude/client.go:32.2,32.12 1 1
github.com/valtors/relay/internal/claude/client.go:35.36,36.32 1 1
github.com/valtors/relay/internal/claude/client.go:36.32,38.61 2 1
github.com/valtors/relay/internal/claude/client.go:38.61,40.4 1 1
github.com/valtors/relay/internal/claude/client.go:42.2,42.12 1 1
github.com/valtors/relay/internal/claude/client.go:45.54,46.32 1 1
github.com/valtors/relay/internal/claude/client.go:46.32,48.61 2 1
github.com/valtors/relay/internal/claude/client.go:48.61,50.4 1 1
github.com/valtors/relay/internal/claude/client.go:52.2,52.30 1 1
github.com/valtors/relay/internal/claude/client.go:70.32,72.2 1 1
github.com/valtors/relay/internal/claude/client.go:78.20,80.63 2 0
github.com/valtors/relay/internal/claude/client.go:80.63,81.36 1 0
github.com/valtors/relay/internal/claude/client.go:81.36,83.4 1 0
github.com/valtors/relay/internal/claude/client.go:84.3,85.62 2 0
github.com/valtors/relay/internal/claude/client.go:87.2,88.53 2 0
github.com/valtors/relay/internal/claude/client.go:91.81,93.49 2 1
github.com/valtors/relay/internal/claude/client.go:93.49,95.3 1 1
github.com/valtors/relay/internal/claude/client.go:98.91,101.49 2 1
github.com/valtors/relay/internal/claude/client.go:101.49,103.3 1 0
github.com/valtors/relay/internal/claude/client.go:105.2,105.54 1 1
github.com/valtors/relay/internal/claude/client.go:105.54,119.3 2 1
github.com/valtors/relay/internal/claude/client.go:120.2,120.16 1 1
github.com/valtors/relay/internal/claude/client.go:120.16,122.3 1 1
github.com/valtors/relay/internal/claude/client.go:123.2,123.34 1 0
github.com/valtors/relay/internal/claude/client.go:123.34,126.3 2 0
github.com/valtors/relay/internal/claude/client.go:127.2,127.17 1 0
github.com/valtors/relay/internal/claude/client.go:130.88,132.38 2 0
github.com/valtors/relay/internal/claude/client.go:132.38,135.3 2 0
github.com/valtors/relay/internal/claude/client.go:136.2,139.23 3 0
github.com/valtors/relay/internal/claude/client.go:139.23,142.3 2 0
github.com/valtors/relay/internal/claude/client.go:143.2,158.45 4 0
github.com/valtors/relay/internal/claude/client.go:161.100,171.16 4 0
github.com/valtors/relay/internal/claude/client.go:171.16,173.3 1 0
github.com/valtors/relay/internal/claude/client.go:174.2,174.50 1 0
github.com/valtors/relay/internal/claude/client.go:174.50,176.3 1 0
github.com/valtors/relay/internal/claude/client.go:177.2,177.26 1 0
github.com/valtors/relay/internal/claude/client.go:180.49,188.2 1 1
github.com/valtors/relay/internal/claude/client.go:190.85,192.16 2 1
github.com/valtors/relay/internal/claude/client.go:192.16,194.3 1 1
github.com/valtors/relay/internal/claude/client.go:196.2,196.59 1 0
github.com/valtors/relay/internal/claude/client.go:196.59,198.3 1 0
github.com/valtors/relay/internal/claude/client.go:200.2,204.16 3 0
github.com/valtors/relay/internal/claude/client.go:204.16,206.3 1 0
github.com/valtors/relay/internal/claude/client.go:208.2,208.50 1 0
github.com/valtors/relay/internal/claude/client.go:208.50,213.3 1 0
github.com/valtors/relay/internal/claude/client.go:214.2,214.12 1 0
github.com/valtors/relay/internal/claude/client.go:217.117,231.20 4 1
github.com/valtors/relay/internal/claude/client.go:231.20,233.3 1 1
github.com/valtors/relay/internal/claude/client.go:235.2,236.15 2 1
github.com/valtors/relay/internal/claude/client.go:236.15,236.37 1 1
github.com/valtors/relay/internal/claude/client.go:238.2,240.20 3 1
github.com/valtors/relay/internal/claude/client.go:240.20,242.47 2 0
github.com/valtors/relay/internal/claude/client.go:242.47,244.4 1 0
github.com/valtors/relay/internal/claude/client.go:245.3,245.44 1 0
github.com/valtors/relay/internal/claude/client.go:245.44,248.4 2 0
github.com/valtors/relay/internal/claude/client.go:250.2,250.37 1 1
github.com/valtors/relay/internal/claude/client.go:250.37,252.3 1 1
github.com/valtors/relay/internal/claude/client.go:254.2,255.36 2 0
github.com/valtors/relay/internal/claude/client.go:255.36,256.27 1 0
github.com/valtors/relay/internal/claude/client.go:256.27,258.4 1 0
github.com/valtors/relay/internal/claude/client.go:261.2,266.18 3 0
github.com/valtors/relay/internal/claude/client.go:269.92,271.53 2 1
github.com/valtors/relay/internal/claude/client.go:271.53,273.17 2 1
github.com/valtors/relay/internal/claude/client.go:273.17,275.4 1 1
github.com/valtors/relay/internal/claude/client.go:277.3,278.77 2 1
github.com/valtors/relay/internal/claude/client.go:278.77,280.4 1 1
github.com/valtors/relay/internal/claude/client.go:282.3,289.10 3 1
github.com/valtors/relay/internal/claude/client.go:290.21,291.24 1 1
github.com/valtors/relay/internal/claude/client.go:292.28,292.28 0 1
github.com/valtors/relay/internal/claude/client.go:294.3,294.16 1 1
github.com/valtors/relay/internal/claude/client.go:296.2,296.20 1 0
github.com/valtors/relay/internal/claude/client.go:299.38,301.9 2 1
github.com/valtors/relay/internal/claude/client.go:302.101,303.67 1 1
github.com/valtors/relay/internal/claude/client.go:304.48,305.65 1 1
github.com/valtors/relay/internal/claude/client.go:306.10,307.62 1 1
github.com/valtors/relay/internal/claude/client.go:311.48,318.2 6 1
github.com/valtors/relay/internal/claude/client.go:320.24,321.11 1 1
github.com/valtors/relay/internal/claude/client.go:321.11,323.3 1 1
github.com/valtors/relay/internal/claude/client.go:324.2,324.10 1 1
github.com/valtors/relay/tools/assemble_plan.go:16.92,18.23 2 1
github.com/valtors/relay/tools/assemble_plan.go:18.23,20.3 1 1
github.com/valtors/relay/tools/assemble_plan.go:22.2,26.24 4 1
github.com/valtors/relay/tools/assemble_plan.go:26.24,28.3 1 1
github.com/valtors/relay/tools/assemble_plan.go:30.2,39.16 8 1
github.com/valtors/relay/tools/assemble_plan.go:39.16,41.3 1 0
github.com/valtors/relay/tools/assemble_plan.go:43.2,108.27 6 1
github.com/valtors/relay/tools/assemble_plan.go:108.27,111.17 3 1
github.com/valtors/relay/tools/assemble_plan.go:111.17,113.4 1 1
github.com/valtors/relay/tools/assemble_plan.go:114.3,114.36 1 0
github.com/valtors/relay/tools/assemble_plan.go:117.2,120.74 2 0
github.com/valtors/relay/tools/assemble_plan.go:120.74,122.3 1 0
github.com/valtors/relay/tools/assemble_plan.go:124.2,125.88 2 0
github.com/valtors/relay/tools/assemble_plan.go:128.69,131.59 2 1
github.com/valtors/relay/tools/assemble_plan.go:131.59,132.55 1 1
github.com/valtors/relay/tools/assemble_plan.go:132.55,134.11 2 1
github.com/valtors/relay/tools/assemble_plan.go:134.11,135.13 1 1
github.com/valtors/relay/tools/assemble_plan.go:137.4,138.18 2 1
github.com/valtors/relay/tools/assemble_plan.go:138.18,140.5 1 1
github.com/valtors/relay/tools/assemble_plan.go:141.4,141.48 1 1
github.com/valtors/relay/tools/assemble_plan.go:143.3,143.19 1 1
github.com/valtors/relay/tools/assemble_plan.go:143.19,145.4 1 1
github.com/valtors/relay/tools/assemble_plan.go:148.2,148.54 1 1
github.com/valtors/relay/tools/assemble_plan.go:148.54,150.39 2 1
github.com/valtors/relay/tools/assemble_plan.go:150.39,152.4 1 1
github.com/valtors/relay/tools/assemble_plan.go:154.2,154.19 1 1
github.com/valtors/relay/tools/assemble_plan.go:154.19,156.3 1 1
github.com/valtors/relay/tools/assemble_plan.go:157.2,157.20 1 1
github.com/valtors/relay/tools/data_tools.go:14.94,16.17 2 1
github.com/valtors/relay/tools/data_tools.go:16.17,18.3 1 0
github.com/valtors/relay/tools/data_tools.go:20.2,21.62 2 1
github.com/valtors/relay/tools/data_tools.go:21.62,23.3 1 1
github.com/valtors/relay/tools/data_tools.go:25.2,26.16 2 1
github.com/valtors/relay/tools/data_tools.go:26.16,28.3 1 0
github.com/valtors/relay/tools/data_tools.go:30.2,30.54 1 1
github.com/valtors/relay/tools/data_tools.go:33.93,35.17 2 1
github.com/valtors/relay/tools/data_tools.go:35.17,37.3 1 1
github.com/valtors/relay/tools/data_tools.go:39.2,42.16 4 1
github.com/valtors/relay/tools/data_tools.go:42.16,44.3 1 0
github.com/valtors/relay/tools/data_tools.go:45.2,45.20 1 1
github.com/valtors/relay/tools/data_tools.go:45.20,47.3 1 0
github.com/valtors/relay/tools/data_tools.go:49.2,51.31 3 1
github.com/valtors/relay/tools/data_tools.go:51.31,52.30 1 1
github.com/valtors/relay/tools/data_tools.go:52.30,53.45 1 0
github.com/valtors/relay/tools/data_tools.go:53.45,55.5 1 0
github.com/valtors/relay/tools/data_tools.go:57.3,58.34 2 1
github.com/valtors/relay/tools/data_tools.go:58.34,59.20 1 1
github.com/valtors/relay/tools/data_tools.go:59.20,61.13 2 1
github.com/valtors/relay/tools/data_tools.go:63.4,63.23 1 0
github.com/valtors/relay/tools/data_tools.go:65.3,65.36 1 1
github.com/valtors/relay/tools/data_tools.go:68.2,69.16 2 1
github.com/valtors/relay/tools/data_tools.go:69.16,71.3 1 0
github.com/valtors/relay/tools/data_tools.go:72.2,72.51 1 1
github.com/valtors/relay/tools/data_tools.go:75.93,77.17 2 1
github.com/valtors/relay/tools/data_tools.go:77.17,79.3 1 0
github.com/valtors/relay/tools/data_tools.go:81.2,82.62 2 1
github.com/valtors/relay/tools/data_tools.go:82.62,84.3 1 0
github.com/valtors/relay/tools/data_tools.go:86.2,88.29 3 1
github.com/valtors/relay/tools/data_tools.go:88.29,89.25 1 1
github.com/valtors/relay/tools/data_tools.go:89.25,90.30 1 1
github.com/valtors/relay/tools/data_tools.go:90.30,91.13 1 1
github.com/valtors/relay/tools/data_tools.go:93.4,94.34 2 1
github.com/valtors/relay/tools/data_tools.go:98.2,100.22 3 1
github.com/valtors/relay/tools/data_tools.go:100.22,101.47 1 1
github.com/valtors/relay/tools/data_tools.go:101.47,103.4 1 0
github.com/valtors/relay/tools/data_tools.go:105.2,105.29 1 1
github.com/valtors/relay/tools/data_tools.go:105.29,107.34 2 1
github.com/valtors/relay/tools/data_tools.go:107.34,109.4 1 1
github.com/valtors/relay/tools/data_tools.go:110.3,110.43 1 1
github.com/valtors/relay/tools/data_tools.go:110.43,112.4 1 0
github.com/valtors/relay/tools/data_tools.go:114.2,115.39 2 1
github.com/valtors/relay/tools/data_tools.go:115.39,117.3 1 0
github.com/valtors/relay/tools/data_tools.go:119.2,119.53 1 1
github.com/valtors/relay/tools/data_tools.go:122.93,124.17 2 1
github.com/valtors/relay/tools/data_tools.go:124.17,126.3 1 0
github.com/valtors/relay/tools/data_tools.go:128.2,129.16 2 1
github.com/valtors/relay/tools/data_tools.go:129.16,131.3 1 0
github.com/valtors/relay/tools/data_tools.go:133.2,134.62 2 1
github.com/valtors/relay/tools/data_tools.go:134.62,136.3 1 1
github.com/valtors/relay/tools/data_tools.go:138.2,139.51 2 1
github.com/valtors/relay/tools/data_tools.go:139.51,140.33 1 1
github.com/valtors/relay/tools/data_tools.go:141.23,143.11 2 1
github.com/valtors/relay/tools/data_tools.go:143.11,145.5 1 1
github.com/valtors/relay/tools/data_tools.go:146.4,146.18 1 1
github.com/valtors/relay/tools/data_tools.go:147.14,149.18 2 1
github.com/valtors/relay/tools/data_tools.go:149.18,151.5 1 0
github.com/valtors/relay/tools/data_tools.go:152.4,152.39 1 1
github.com/valtors/relay/tools/data_tools.go:152.39,154.5 1 0
github.com/valtors/relay/tools/data_tools.go:155.4,155.25 1 1
github.com/valtors/relay/tools/data_tools.go:156.11,157.82 1 0
github.com/valtors/relay/tools/data_tools.go:161.2,161.66 1 1
github.com/valtors/relay/tools/data_tools.go:164.50,167.33 3 1
github.com/valtors/relay/tools/data_tools.go:167.33,169.17 2 1
github.com/valtors/relay/tools/data_tools.go:169.17,171.4 1 0
github.com/valtors/relay/tools/data_tools.go:172.3,173.21 2 1
github.com/valtors/relay/tools/data_tools.go:173.21,175.4 1 0
github.com/valtors/relay/tools/data_tools.go:176.3,176.16 1 1
github.com/valtors/relay/tools/data_tools.go:178.2,178.12 1 1
github.com/valtors/relay/tools/data_tools.go:181.33,182.27 1 1
github.com/valtors/relay/tools/data_tools.go:183.11,184.12 1 1
github.com/valtors/relay/tools/data_tools.go:185.14,186.11 1 1
github.com/valtors/relay/tools/data_tools.go:187.12,188.31 1 1
github.com/valtors/relay/tools/data_tools.go:189.15,190.45 1 1
github.com/valtors/relay/tools/data_tools.go:191.10,193.17 2 1
github.com/valtors/relay/tools/data_tools.go:193.17,195.4 1 0
github.com/valtors/relay/tools/data_tools.go:196.3,196.19 1 1
github.com/valtors/relay/tools/data_tools.go:200.45,201.27 1 1
github.com/valtors/relay/tools/data_tools.go:202.11,203.16 1 1
github.com/valtors/relay/tools/data_tools.go:204.14,205.11 1 1
github.com/valtors/relay/tools/data_tools.go:206.12,207.31 1 1
github.com/valtors/relay/tools/data_tools.go:208.15,209.45 1 1
github.com/valtors/relay/tools/data_tools.go:210.10,212.17 2 1
github.com/valtors/relay/tools/data_tools.go:212.17,214.4 1 0
github.com/valtors/relay/tools/data_tools.go:215.3,215.19 1 1
github.com/valtors/relay/tools/data_tools.go:219.27,220.11 1 1
github.com/valtors/relay/tools/data_tools.go:220.11,222.3 1 1
github.com/valtors/relay/tools/data_tools.go:223.2,223.10 1 1
github.com/valtors/relay/tools/file_tools.go:22.88,24.16 2 1
github.com/valtors/relay/tools/file_tools.go:24.16,26.3 1 0
github.com/valtors/relay/tools/file_tools.go:28.2,29.16 2 1
github.com/valtors/relay/tools/file_tools.go:29.16,31.3 1 0
github.com/valtors/relay/tools/file_tools.go:33.2,34.16 2 1
github.com/valtors/relay/tools/file_tools.go:34.16,36.3 1 1
github.com/valtors/relay/tools/file_tools.go:38.2,39.59 2 1
github.com/valtors/relay/tools/file_tools.go:42.88,44.16 2 1
github.com/valtors/relay/tools/file_tools.go:44.16,46.3 1 0
github.com/valtors/relay/tools/file_tools.go:48.2,49.16 2 1
github.com/valtors/relay/tools/file_tools.go:49.16,51.3 1 1
github.com/valtors/relay/tools/file_tools.go:53.2,54.16 2 1
github.com/valtors/relay/tools/file_tools.go:54.16,56.3 1 1
github.com/valtors/relay/tools/file_tools.go:57.2,57.15 1 1
github.com/valtors/relay/tools/file_tools.go:57.15,59.3 1 0
github.com/valtors/relay/tools/file_tools.go:60.2,60.49 1 1
github.com/valtors/relay/tools/file_tools.go:63.89,65.16 2 1
github.com/valtors/relay/tools/file_tools.go:65.16,67.3 1 0
github.com/valtors/relay/tools/file_tools.go:69.2,71.9 3 1
github.com/valtors/relay/tools/file_tools.go:71.9,73.3 1 0
github.com/valtors/relay/tools/file_tools.go:74.2,75.9 2 1
github.com/valtors/relay/tools/file_tools.go:75.9,77.3 1 0
github.com/valtors/relay/tools/file_tools.go:79.2,80.16 2 1
github.com/valtors/relay/tools/file_tools.go:80.16,82.3 1 0
github.com/valtors/relay/tools/file_tools.go:84.2,84.67 1 1
github.com/valtors/relay/tools/file_tools.go:84.67,86.3 1 0
github.com/valtors/relay/tools/file_tools.go:87.2,87.71 1 1
github.com/valtors/relay/tools/file_tools.go:87.71,89.3 1 0
github.com/valtors/relay/tools/file_tools.go:91.2,91.45 1 1
github.com/valtors/relay/tools/file_tools.go:94.88,96.16 2 1
github.com/valtors/relay/tools/file_tools.go:96.16,98.3 1 0
github.com/valtors/relay/tools/file_tools.go:100.2,101.16 2 1
github.com/valtors/relay/tools/file_tools.go:101.16,103.3 1 0
github.com/valtors/relay/tools/file_tools.go:105.2,106.16 2 1
github.com/valtors/relay/tools/file_tools.go:106.16,108.3 1 1
github.com/valtors/relay/tools/file_tools.go:109.2,109.19 1 1
github.com/valtors/relay/tools/file_tools.go:109.19,111.3 1 0
github.com/valtors/relay/tools/file_tools.go:113.2,115.15 3 1
github.com/valtors/relay/tools/file_tools.go:115.15,116.93 1 1
github.com/valtors/relay/tools/file_tools.go:116.93,117.22 1 1
github.com/valtors/relay/tools/file_tools.go:117.22,119.5 1 0
github.com/valtors/relay/tools/file_tools.go:120.4,120.27 1 1
github.com/valtors/relay/tools/file_tools.go:120.27,122.5 1 1
github.com/valtors/relay/tools/file_tools.go:123.4,124.14 2 1
github.com/valtors/relay/tools/file_tools.go:126.8,128.21 2 1
github.com/valtors/relay/tools/file_tools.go:128.21,130.4 1 0
github.com/valtors/relay/tools/file_tools.go:130.9,131.37 1 1
github.com/valtors/relay/tools/file_tools.go:131.37,133.5 1 1
github.com/valtors/relay/tools/file_tools.go:136.2,136.16 1 1
github.com/valtors/relay/tools/file_tools.go:136.16,138.3 1 0
github.com/valtors/relay/tools/file_tools.go:140.2,141.64 2 1
github.com/valtors/relay/tools/file_tools.go:144.88,146.16 2 1
github.com/valtors/relay/tools/file_tools.go:146.16,148.3 1 0
github.com/valtors/relay/tools/file_tools.go:150.2,151.16 2 1
github.com/valtors/relay/tools/file_tools.go:151.16,153.3 1 0
github.com/valtors/relay/tools/file_tools.go:155.2,156.16 2 1
github.com/valtors/relay/tools/file_tools.go:156.16,158.3 1 1
github.com/valtors/relay/tools/file_tools.go:160.2,160.67 1 1
github.com/valtors/relay/tools/file_tools.go:163.87,165.35 2 1
github.com/valtors/relay/tools/file_tools.go:165.35,167.3 1 0
github.com/valtors/relay/tools/file_tools.go:169.2,170.18 2 1
github.com/valtors/relay/tools/file_tools.go:170.18,172.3 1 0
github.com/valtors/relay/tools/file_tools.go:174.2,175.16 2 1
github.com/valtors/relay/tools/file_tools.go:175.16,177.3 1 0
github.com/valtors/relay/tools/file_tools.go:178.2,178.69 1 1
github.com/valtors/relay/tools/file_tools.go:178.69,180.3 1 0
github.com/valtors/relay/tools/file_tools.go:182.2,183.16 2 1
github.com/valtors/relay/tools/file_tools.go:183.16,185.3 1 0
github.com/valtors/relay/tools/file_tools.go:186.2,186.15 1 1
github.com/valtors/relay/tools/file_tools.go:186.15,186.38 1 1
github.com/valtors/relay/tools/file_tools.go:188.2,190.32 2 1
github.com/valtors/relay/tools/file_tools.go:190.32,192.21 2 1
github.com/valtors/relay/tools/file_tools.go:192.21,194.4 1 0
github.com/valtors/relay/tools/file_tools.go:195.3,195.60 1 1
github.com/valtors/relay/tools/file_tools.go:195.60,197.4 1 0
github.com/valtors/relay/tools/file_tools.go:200.2,200.35 1 1
github.com/valtors/relay/tools/file_tools.go:200.35,202.3 1 0
github.com/valtors/relay/tools/file_tools.go:204.2,204.47 1 1
github.com/valtors/relay/tools/file_tools.go:207.89,209.16 2 1
github.com/valtors/relay/tools/file_tools.go:209.16,211.3 1 0
github.com/valtors/relay/tools/file_tools.go:213.2,214.16 2 1
github.com/valtors/relay/tools/file_tools.go:214.16,216.3 1 0
github.com/valtors/relay/tools/file_tools.go:218.2,219.21 2 1
github.com/valtors/relay/tools/file_tools.go:219.21,221.17 2 0
github.com/valtors/relay/tools/file_tools.go:221.17,223.4 1 0
github.com/valtors/relay/tools/file_tools.go:224.8,226.17 2 1
github.com/valtors/relay/tools/file_tools.go:226.17,228.4 1 0
github.com/valtors/relay/tools/file_tools.go:231.2,231.61 1 1
github.com/valtors/relay/tools/file_tools.go:231.61,233.3 1 0
github.com/valtors/relay/tools/file_tools.go:235.2,235.46 1 1
github.com/valtors/relay/tools/file_tools.go:238.51,239.35 1 1
github.com/valtors/relay/tools/file_tools.go:239.35,241.3 1 0
github.com/valtors/relay/tools/file_tools.go:243.2,244.16 2 1
github.com/valtors/relay/tools/file_tools.go:244.16,246.3 1 0
github.com/valtors/relay/tools/file_tools.go:247.2,250.26 3 1
github.com/valtors/relay/tools/file_tools.go:250.26,252.3 1 1
github.com/valtors/relay/tools/file_tools.go:252.8,254.3 1 1
github.com/valtors/relay/tools/file_tools.go:256.2,257.16 2 1
github.com/valtors/relay/tools/file_tools.go:257.16,259.3 1 0
github.com/valtors/relay/tools/file_tools.go:260.2,260.34 1 1
github.com/valtors/relay/tools/file_tools.go:260.34,262.3 1 1
github.com/valtors/relay/tools/file_tools.go:264.2,264.22 1 1
github.com/valtors/relay/tools/file_tools.go:267.72,269.16 2 1
github.com/valtors/relay/tools/file_tools.go:269.16,271.3 1 1
github.com/valtors/relay/tools/file_tools.go:272.2,272.15 1 1
github.com/valtors/relay/tools/file_tools.go:272.15,272.35 1 1
github.com/valtors/relay/tools/file_tools.go:274.2,276.43 3 1
github.com/valtors/relay/tools/file_tools.go:276.43,278.3 1 1
github.com/valtors/relay/tools/file_tools.go:279.2,280.21 2 1
github.com/valtors/relay/tools/file_tools.go:280.21,282.3 1 0
github.com/valtors/relay/tools/file_tools.go:283.2,283.25 1 1
github.com/valtors/relay/tools/file_tools.go:286.43,288.17 2 1
github.com/valtors/relay/tools/file_tools.go:288.17,290.3 1 1
github.com/valtors/relay/tools/file_tools.go:291.2,292.45 2 1
github.com/valtors/relay/tools/file_tools.go:292.45,295.3 2 0
github.com/valtors/relay/tools/file_tools.go:296.2,296.76 1 1
github.com/valtors/relay/tools/file_tools.go:299.60,301.16 2 1
github.com/valtors/relay/tools/file_tools.go:301.16,303.3 1 0
github.com/valtors/relay/tools/file_tools.go:305.2,306.18 2 1
github.com/valtors/relay/tools/file_tools.go:306.18,307.90 1 1
github.com/valtors/relay/tools/file_tools.go:307.90,308.22 1 1
github.com/valtors/relay/tools/file_tools.go:308.22,310.5 1 0
github.com/valtors/relay/tools/file_tools.go:311.4,312.22 2 1
github.com/valtors/relay/tools/file_tools.go:312.22,314.5 1 0
github.com/valtors/relay/tools/file_tools.go:315.4,316.21 2 1
github.com/valtors/relay/tools/file_tools.go:316.21,318.5 1 0
github.com/valtors/relay/tools/file_tools.go:319.4,320.18 2 1
github.com/valtors/relay/tools/file_tools.go:320.18,322.5 1 1
github.com/valtors/relay/tools/file_tools.go:323.4,323.53 1 1
github.com/valtors/relay/tools/file_tools.go:327.2,327.72 1 0
github.com/valtors/relay/tools/file_tools.go:330.86,332.16 2 1
github.com/valtors/relay/tools/file_tools.go:332.16,334.3 1 0
github.com/valtors/relay/tools/file_tools.go:335.2,336.18 2 1
github.com/valtors/relay/tools/file_tools.go:336.18,337.43 1 1
github.com/valtors/relay/tools/file_tools.go:337.43,339.4 1 1
github.com/valtors/relay/tools/file_tools.go:340.3,341.13 2 1
github.com/valtors/relay/tools/file_tools.go:343.2,345.16 3 1
github.com/valtors/relay/tools/file_tools.go:345.16,347.3 1 0
github.com/valtors/relay/tools/file_tools.go:348.2,349.16 2 1
github.com/valtors/relay/tools/file_tools.go:349.16,351.3 1 0
github.com/valtors/relay/tools/file_tools.go:352.2,352.15 1 1
github.com/valtors/relay/tools/file_tools.go:352.15,352.35 1 1
github.com/valtors/relay/tools/file_tools.go:353.2,354.12 2 1
github.com/valtors/relay/tools/file_tools.go:357.56,359.16 2 1
github.com/valtors/relay/tools/file_tools.go:359.16,361.3 1 0
github.com/valtors/relay/tools/file_tools.go:362.2,362.15 1 1
github.com/valtors/relay/tools/file_tools.go:362.15,362.37 1 1
github.com/valtors/relay/tools/file_tools.go:364.2,365.56 2 1
github.com/valtors/relay/tools/file_tools.go:365.56,367.3 1 0
github.com/valtors/relay/tools/file_tools.go:369.2,369.35 1 1
github.com/valtors/relay/tools/file_tools.go:369.35,372.106 3 1
github.com/valtors/relay/tools/file_tools.go:372.106,374.4 1 0
github.com/valtors/relay/tools/file_tools.go:376.3,376.30 1 1
github.com/valtors/relay/tools/file_tools.go:376.30,377.58 1 1
github.com/valtors/relay/tools/file_tools.go:377.58,379.5 1 0
github.com/valtors/relay/tools/file_tools.go:380.4,380.12 1 1
github.com/valtors/relay/tools/file_tools.go:383.3,383.71 1 1
github.com/valtors/relay/tools/file_tools.go:383.71,385.4 1 0
github.com/valtors/relay/tools/file_tools.go:387.3,388.17 2 1
github.com/valtors/relay/tools/file_tools.go:388.17,390.4 1 0
github.com/valtors/relay/tools/file_tools.go:392.3,393.17 2 1
github.com/valtors/relay/tools/file_tools.go:393.17,396.4 2 0
github.com/valtors/relay/tools/file_tools.go:398.3,401.21 4 1
github.com/valtors/relay/tools/file_tools.go:401.21,403.4 1 0
github.com/valtors/relay/tools/file_tools.go:404.3,404.22 1 1
github.com/valtors/relay/tools/file_tools.go:404.22,406.4 1 0
github.com/valtors/relay/tools/file_tools.go:407.3,407.20 1 1
github.com/valtors/relay/tools/file_tools.go:407.20,409.4 1 0
github.com/valtors/relay/tools/file_tools.go:412.2,412.12 1 1
github.com/valtors/relay/tools/image_tools.go:21.89,23.16 2 1
github.com/valtors/relay/tools/image_tools.go:23.16,25.3 1 0
github.com/valtors/relay/tools/image_tools.go:27.2,28.16 2 1
github.com/valtors/relay/tools/image_tools.go:28.16,30.3 1 0
github.com/valtors/relay/tools/image_tools.go:32.2,33.16 2 1
github.com/valtors/relay/tools/image_tools.go:33.16,35.3 1 1
github.com/valtors/relay/tools/image_tools.go:37.2,38.16 2 1
github.com/valtors/relay/tools/image_tools.go:38.16,40.3 1 0
github.com/valtors/relay/tools/image_tools.go:42.2,48.9 2 1
github.com/valtors/relay/tools/image_tools.go:51.91,53.16 2 1
github.com/valtors/relay/tools/image_tools.go:53.16,55.3 1 0
github.com/valtors/relay/tools/image_tools.go:57.2,58.16 2 1
github.com/valtors/relay/tools/image_tools.go:58.16,60.3 1 0
github.com/valtors/relay/tools/image_tools.go:62.2,63.16 2 1
github.com/valtors/relay/tools/image_tools.go:63.16,65.3 1 0
github.com/valtors/relay/tools/image_tools.go:67.2,71.28 5 1
github.com/valtors/relay/tools/image_tools.go:71.28,73.3 1 0
github.com/valtors/relay/tools/image_tools.go:74.2,74.15 1 1
github.com/valtors/relay/tools/image_tools.go:74.15,76.3 1 0
github.com/valtors/relay/tools/image_tools.go:77.2,77.15 1 1
github.com/valtors/relay/tools/image_tools.go:77.15,79.3 1 1
github.com/valtors/relay/tools/image_tools.go:80.2,80.28 1 1
github.com/valtors/relay/tools/image_tools.go:80.28,82.3 1 0
github.com/valtors/relay/tools/image_tools.go:84.2,85.16 2 1
github.com/valtors/relay/tools/image_tools.go:85.16,87.3 1 0
github.com/valtors/relay/tools/image_tools.go:89.2,89.81 1 1
github.com/valtors/relay/tools/image_tools.go:89.81,91.3 1 0
github.com/valtors/relay/tools/image_tools.go:93.2,97.9 1 1
github.com/valtors/relay/tools/image_tools.go:100.89,102.16 2 1
github.com/valtors/relay/tools/image_tools.go:102.16,104.3 1 0
github.com/valtors/relay/tools/image_tools.go:106.2,107.16 2 1
github.com/valtors/relay/tools/image_tools.go:107.16,109.3 1 0
github.com/valtors/relay/tools/image_tools.go:111.2,112.16 2 1
github.com/valtors/relay/tools/image_tools.go:112.16,114.3 1 0
github.com/valtors/relay/tools/image_tools.go:115.2,116.16 2 1
github.com/valtors/relay/tools/image_tools.go:116.16,118.3 1 0
github.com/valtors/relay/tools/image_tools.go:119.2,120.16 2 1
github.com/valtors/relay/tools/image_tools.go:120.16,122.3 1 0
github.com/valtors/relay/tools/image_tools.go:123.2,124.16 2 1
github.com/valtors/relay/tools/image_tools.go:124.16,126.3 1 0
github.com/valtors/relay/tools/image_tools.go:127.2,127.31 1 1
github.com/valtors/relay/tools/image_tools.go:127.31,129.3 1 0
github.com/valtors/relay/tools/image_tools.go:131.2,132.16 2 1
github.com/valtors/relay/tools/image_tools.go:132.16,134.3 1 0
github.com/valtors/relay/tools/image_tools.go:136.2,137.95 2 1
github.com/valtors/relay/tools/image_tools.go:137.95,139.3 1 1
github.com/valtors/relay/tools/image_tools.go:141.2,145.16 4 1
github.com/valtors/relay/tools/image_tools.go:145.16,147.3 1 0
github.com/valtors/relay/tools/image_tools.go:149.2,149.59 1 1
github.com/valtors/relay/tools/image_tools.go:149.59,151.3 1 0
github.com/valtors/relay/tools/image_tools.go:153.2,157.9 1 1
github.com/valtors/relay/tools/image_tools.go:160.92,162.16 2 1
github.com/valtors/relay/tools/image_tools.go:162.16,164.3 1 0
github.com/valtors/relay/tools/image_tools.go:166.2,167.24 2 1
github.com/valtors/relay/tools/image_tools.go:167.24,169.3 1 0
github.com/valtors/relay/tools/image_tools.go:170.2,170.43 1 1
github.com/valtors/relay/tools/image_tools.go:170.43,172.3 1 1
github.com/valtors/relay/tools/image_tools.go:174.2,175.16 2 1
github.com/valtors/relay/tools/image_tools.go:175.16,177.3 1 0
github.com/valtors/relay/tools/image_tools.go:179.2,180.16 2 1
github.com/valtors/relay/tools/image_tools.go:180.16,182.3 1 0
github.com/valtors/relay/tools/image_tools.go:184.2,185.62 2 1
github.com/valtors/relay/tools/image_tools.go:185.62,187.3 1 0
github.com/valtors/relay/tools/image_tools.go:189.2,190.70 2 1
github.com/valtors/relay/tools/image_tools.go:190.70,192.3 1 0
github.com/valtors/relay/tools/image_tools.go:194.2,196.9 1 1
github.com/valtors/relay/tools/image_tools.go:199.91,201.16 2 1
github.com/valtors/relay/tools/image_tools.go:201.16,203.3 1 0
github.com/valtors/relay/tools/image_tools.go:205.2,206.16 2 1
github.com/valtors/relay/tools/image_tools.go:206.16,208.3 1 0
github.com/valtors/relay/tools/image_tools.go:210.2,211.16 2 1
github.com/valtors/relay/tools/image_tools.go:211.16,213.3 1 0
github.com/valtors/relay/tools/image_tools.go:215.2,216.16 2 1
github.com/valtors/relay/tools/image_tools.go:216.16,218.3 1 0
github.com/valtors/relay/tools/image_tools.go:220.2,221.17 2 1
github.com/valtors/relay/tools/image_tools.go:222.10,223.26 1 1
github.com/valtors/relay/tools/image_tools.go:224.11,225.27 1 1
github.com/valtors/relay/tools/image_tools.go:226.11,227.27 1 1
github.com/valtors/relay/tools/image_tools.go:228.10,229.72 1 0
github.com/valtors/relay/tools/image_tools.go:232.2,233.16 2 1
github.com/valtors/relay/tools/image_tools.go:233.16,235.3 1 0
github.com/valtors/relay/tools/image_tools.go:237.2,237.63 1 1
github.com/valtors/relay/tools/image_tools.go:237.63,239.3 1 0
github.com/valtors/relay/tools/image_tools.go:241.2,243.9 1 1
github.com/valtors/relay/tools/image_tools.go:246.94,248.16 2 1
github.com/valtors/relay/tools/image_tools.go:248.16,250.3 1 0
github.com/valtors/relay/tools/image_tools.go:252.2,253.16 2 1
github.com/valtors/relay/tools/image_tools.go:253.16,255.3 1 0
github.com/valtors/relay/tools/image_tools.go:257.2,258.16 2 1
github.com/valtors/relay/tools/image_tools.go:258.16,260.3 1 0
github.com/valtors/relay/tools/image_tools.go:262.2,264.35 3 1
github.com/valtors/relay/tools/image_tools.go:264.35,265.36 1 1
github.com/valtors/relay/tools/image_tools.go:265.36,267.4 1 1
github.com/valtors/relay/tools/image_tools.go:270.2,271.16 2 1
github.com/valtors/relay/tools/image_tools.go:271.16,273.3 1 0
github.com/valtors/relay/tools/image_tools.go:275.2,275.59 1 1
github.com/valtors/relay/tools/image_tools.go:275.59,277.3 1 0
github.com/valtors/relay/tools/image_tools.go:279.2,281.9 1 1
github.com/valtors/relay/tools/image_tools.go:284.89,286.16 2 1
github.com/valtors/relay/tools/image_tools.go:286.16,288.3 1 0
github.com/valtors/relay/tools/image_tools.go:290.2,291.21 2 1
github.com/valtors/relay/tools/image_tools.go:291.21,293.3 1 0
github.com/valtors/relay/tools/image_tools.go:295.2,296.16 2 1
github.com/valtors/relay/tools/image_tools.go:296.16,298.3 1 0
github.com/valtors/relay/tools/image_tools.go:300.2,301.16 2 1
github.com/valtors/relay/tools/image_tools.go:301.16,303.3 1 0
github.com/valtors/relay/tools/image_tools.go:305.2,306.19 2 1
github.com/valtors/relay/tools/image_tools.go:307.20,308.32 1 1
github.com/valtors/relay/tools/image_tools.go:309.18,310.30 1 1
github.com/valtors/relay/tools/image_tools.go:311.10,312.81 1 0
github.com/valtors/relay/tools/image_tools.go:315.2,316.16 2 1
github.com/valtors/relay/tools/image_tools.go:316.16,318.3 1 0
github.com/valtors/relay/tools/image_tools.go:320.2,320.63 1 1
github.com/valtors/relay/tools/image_tools.go:320.63,322.3 1 0
github.com/valtors/relay/tools/image_tools.go:324.2,326.9 1 1
github.com/valtors/relay/tools/image_tools.go:329.58,331.16 2 1
github.com/valtors/relay/tools/image_tools.go:331.16,333.3 1 1
github.com/valtors/relay/tools/image_tools.go:334.2,334.15 1 1
github.com/valtors/relay/tools/image_tools.go:334.15,334.35 1 1
github.com/valtors/relay/tools/image_tools.go:336.2,337.16 2 1
github.com/valtors/relay/tools/image_tools.go:337.16,339.3 1 0
github.com/valtors/relay/tools/image_tools.go:340.2,340.47 1 1
github.com/valtors/relay/tools/image_tools.go:343.80,344.63 1 1
github.com/valtors/relay/tools/image_tools.go:344.63,346.3 1 0
github.com/valtors/relay/tools/image_tools.go:348.2,349.16 2 1
github.com/valtors/relay/tools/image_tools.go:349.16,351.3 1 0
github.com/valtors/relay/tools/image_tools.go:352.2,352.15 1 1
github.com/valtors/relay/tools/image_tools.go:352.15,352.35 1 1
github.com/valtors/relay/tools/image_tools.go:354.2,354.38 1 1
github.com/valtors/relay/tools/image_tools.go:355.13,356.31 1 1
github.com/valtors/relay/tools/image_tools.go:357.14,358.19 1 1
github.com/valtors/relay/tools/image_tools.go:358.19,360.4 1 0
github.com/valtors/relay/tools/image_tools.go:361.3,361.65 1 1
github.com/valtors/relay/tools/image_tools.go:362.13,363.36 1 1
github.com/valtors/relay/tools/image_tools.go:364.10,365.60 1 0
github.com/valtors/relay/tools/image_tools.go:369.54,372.18 3 1
github.com/valtors/relay/tools/image_tools.go:372.18,374.3 1 1
github.com/valtors/relay/tools/image_tools.go:375.2,375.53 1 1
github.com/valtors/relay/tools/image_tools.go:375.53,377.3 1 0
github.com/valtors/relay/tools/image_tools.go:378.2,378.31 1 1
github.com/valtors/relay/tools/image_tools.go:381.60,386.28 5 1
github.com/valtors/relay/tools/image_tools.go:386.28,387.29 1 1
github.com/valtors/relay/tools/image_tools.go:387.29,391.4 3 1
github.com/valtors/relay/tools/image_tools.go:393.2,393.12 1 1
github.com/valtors/relay/tools/image_tools.go:396.44,400.25 4 1
github.com/valtors/relay/tools/image_tools.go:400.25,401.26 1 1
github.com/valtors/relay/tools/image_tools.go:401.26,403.4 1 1
github.com/valtors/relay/tools/image_tools.go:405.2,405.12 1 1
github.com/valtors/relay/tools/image_tools.go:408.45,412.25 4 1
github.com/valtors/relay/tools/image_tools.go:412.25,413.26 1 1
github.com/valtors/relay/tools/image_tools.go:413.26,415.4 1 1
github.com/valtors/relay/tools/image_tools.go:417.2,417.12 1 1
github.com/valtors/relay/tools/image_tools.go:420.45,424.25 4 1
github.com/valtors/relay/tools/image_tools.go:424.25,425.26 1 1
github.com/valtors/relay/tools/image_tools.go:425.26,427.4 1 1
github.com/valtors/relay/tools/image_tools.go:429.2,429.12 1 1
github.com/valtors/relay/tools/image_tools.go:432.50,436.25 4 1
github.com/valtors/relay/tools/image_tools.go:436.25,437.26 1 1
github.com/valtors/relay/tools/image_tools.go:437.26,439.4 1 1
github.com/valtors/relay/tools/image_tools.go:441.2,441.12 1 1
github.com/valtors/relay/tools/image_tools.go:444.48,448.25 4 1
github.com/valtors/relay/tools/image_tools.go:448.25,449.26 1 1
github.com/valtors/relay/tools/image_tools.go:449.26,451.4 1 1
github.com/valtors/relay/tools/image_tools.go:453.2,453.12 1 1
github.com/valtors/relay/tools/image_tools.go:456.49,458.16 2 1
github.com/valtors/relay/tools/image_tools.go:458.16,460.3 1 0
github.com/valtors/relay/tools/image_tools.go:461.2,461.44 1 1
github.com/valtors/relay/tools/image_tools.go:464.71,467.9 3 1
github.com/valtors/relay/tools/image_tools.go:467.9,469.3 1 0
github.com/valtors/relay/tools/image_tools.go:470.2,470.29 1 1
github.com/valtors/relay/tools/image_tools.go:471.11,472.20 1 1
github.com/valtors/relay/tools/image_tools.go:473.15,474.25 1 0
github.com/valtors/relay/tools/image_tools.go:475.14,476.29 1 0
github.com/valtors/relay/tools/image_tools.go:477.10,478.53 1 0
github.com/valtors/relay/tools/image_tools.go:482.75,483.40 1 1
github.com/valtors/relay/tools/image_tools.go:483.40,485.3 1 1
github.com/valtors/relay/tools/image_tools.go:486.2,486.35 1 0
github.com/valtors/relay/tools/image_tools.go:489.49,491.21 2 1
github.com/valtors/relay/tools/image_tools.go:491.21,493.3 1 0
github.com/valtors/relay/tools/image_tools.go:494.2,494.15 1 1
github.com/valtors/relay/tools/image_tools.go:497.49,498.38 1 1
github.com/valtors/relay/tools/image_tools.go:499.28,500.14 1 1
github.com/valtors/relay/tools/image_tools.go:501.10,502.15 1 1
github.com/valtors/relay/tools/image_tools.go:506.44,507.38 1 1
github.com/valtors/relay/tools/image_tools.go:508.14,509.17 1 1
github.com/valtors/relay/tools/image_tools.go:510.13,511.16 1 0
github.com/valtors/relay/tools/image_tools.go:512.13,513.16 1 1
github.com/valtors/relay/tools/image_tools.go:514.10,515.12 1 0
github.com/valtors/relay/tools/image_tools.go:519.32,520.11 1 1
github.com/valtors/relay/tools/image_tools.go:520.11,522.3 1 0
github.com/valtors/relay/tools/image_tools.go:523.2,523.10 1 1
github.com/valtors/relay/tools/pdf_tools.go:27.91,29.16 2 1
github.com/valtors/relay/tools/pdf_tools.go:29.16,31.3 1 0
github.com/valtors/relay/tools/pdf_tools.go:33.2,34.16 2 1
github.com/valtors/relay/tools/pdf_tools.go:34.16,36.3 1 0
github.com/valtors/relay/tools/pdf_tools.go:38.2,39.16 2 1
github.com/valtors/relay/tools/pdf_tools.go:39.16,41.3 1 0
github.com/valtors/relay/tools/pdf_tools.go:42.2,42.15 1 1
github.com/valtors/relay/tools/pdf_tools.go:42.15,42.35 1 1
github.com/valtors/relay/tools/pdf_tools.go:44.2,45.16 2 1
github.com/valtors/relay/tools/pdf_tools.go:45.16,47.3 1 1
github.com/valtors/relay/tools/pdf_tools.go:49.2,50.16 2 1
github.com/valtors/relay/tools/pdf_tools.go:50.16,52.3 1 0
github.com/valtors/relay/tools/pdf_tools.go:54.2,55.27 2 1
github.com/valtors/relay/tools/pdf_tools.go:55.27,61.3 1 1
github.com/valtors/relay/tools/pdf_tools.go:63.2,69.9 1 1
github.com/valtors/relay/tools/pdf_tools.go:72.98,74.16 2 1
github.com/valtors/relay/tools/pdf_tools.go:74.16,76.3 1 0
github.com/valtors/relay/tools/pdf_tools.go:78.2,79.16 2 1
github.com/valtors/relay/tools/pdf_tools.go:79.16,81.3 1 0
github.com/valtors/relay/tools/pdf_tools.go:83.2,84.16 2 1
github.com/valtors/relay/tools/pdf_tools.go:84.16,86.3 1 0
github.com/valtors/relay/tools/pdf_tools.go:88.2,89.16 2 1
github.com/valtors/relay/tools/pdf_tools.go:89.16,91.3 1 0
github.com/valtors/relay/tools/pdf_tools.go:93.2,94.16 2 1
github.com/valtors/relay/tools/pdf_tools.go:94.16,96.3 1 0
github.com/valtors/relay/tools/pdf_tools.go:98.2,99.47 2 1
github.com/valtors/relay/tools/pdf_tools.go:99.47,100.19 1 1
github.com/valtors/relay/tools/pdf_tools.go:100.19,101.12 1 1
github.com/valtors/relay/tools/pdf_tools.go:104.3,105.17 2 1
github.com/valtors/relay/tools/pdf_tools.go:105.17,107.4 1 0
github.com/valtors/relay/tools/pdf_tools.go:109.3,110.17 2 1
github.com/valtors/relay/tools/pdf_tools.go:110.17,112.4 1 0
github.com/valtors/relay/tools/pdf_tools.go:114.3,115.17 2 1
github.com/valtors/relay/tools/pdf_tools.go:115.17,117.4 1 1
github.com/valtors/relay/tools/pdf_tools.go:120.2,120.83 1 1
github.com/valtors/relay/tools/pdf_tools.go:123.96,125.16 2 1
github.com/valtors/relay/tools/pdf_tools.go:125.16,127.3 1 0
github.com/valtors/relay/tools/pdf_tools.go:129.2,130.16 2 1
github.com/valtors/relay/tools/pdf_tools.go:130.16,132.3 1 0
github.com/valtors/relay/tools/pdf_tools.go:134.2,135.16 2 1
github.com/valtors/relay/tools/pdf_tools.go:135.16,137.3 1 1
github.com/valtors/relay/tools/pdf_tools.go:139.2,139.56 1 1
github.com/valtors/relay/tools/pdf_tools.go:142.92,144.35 2 1
github.com/valtors/relay/tools/pdf_tools.go:144.35,146.3 1 0
github.com/valtors/relay/tools/pdf_tools.go:147.2,147.20 1 1
github.com/valtors/relay/tools/pdf_tools.go:147.20,149.3 1 0
github.com/valtors/relay/tools/pdf_tools.go:151.2,152.29 2 1
github.com/valtors/relay/tools/pdf_tools.go:152.29,154.17 2 1
github.com/valtors/relay/tools/pdf_tools.go:154.17,156.4 1 0
github.com/valtors/relay/tools/pdf_tools.go:157.3,157.50 1 1
github.com/valtors/relay/tools/pdf_tools.go:160.2,161.18 2 1
github.com/valtors/relay/tools/pdf_tools.go:161.18,163.3 1 0
github.com/valtors/relay/tools/pdf_tools.go:165.2,166.16 2 1
github.com/valtors/relay/tools/pdf_tools.go:166.16,168.3 1 0
github.com/valtors/relay/tools/pdf_tools.go:169.2,169.69 1 1
github.com/valtors/relay/tools/pdf_tools.go:169.69,171.3 1 0
github.com/valtors/relay/tools/pdf_tools.go:173.2,173.83 1 1
github.com/valtors/relay/tools/pdf_tools.go:173.83,175.3 1 0
github.com/valtors/relay/tools/pdf_tools.go:177.2,177.47 1 1
github.com/valtors/relay/tools/pdf_tools.go:180.92,182.16 2 1
github.com/valtors/relay/tools/pdf_tools.go:182.16,184.3 1 0
github.com/valtors/relay/tools/pdf_tools.go:186.2,187.16 2 1
github.com/valtors/relay/tools/pdf_tools.go:187.16,189.3 1 0
github.com/valtors/relay/tools/pdf_tools.go:191.2,193.24 3 1
github.com/valtors/relay/tools/pdf_tools.go:193.24,195.17 2 1
github.com/valtors/relay/tools/pdf_tools.go:195.17,197.4 1 0
github.com/valtors/relay/tools/pdf_tools.go:200.2,201.16 2 1
github.com/valtors/relay/tools/pdf_tools.go:201.16,203.3 1 0
github.com/valtors/relay/tools/pdf_tools.go:204.2,204.54 1 1
github.com/valtors/relay/tools/pdf_tools.go:204.54,206.3 1 0
github.com/valtors/relay/tools/pdf_tools.go:208.2,208.67 1 1
github.com/valtors/relay/tools/pdf_tools.go:208.67,210.3 1 0
github.com/valtors/relay/tools/pdf_tools.go:212.2,213.16 2 1
github.com/valtors/relay/tools/pdf_tools.go:213.16,215.3 1 0
[...]
github.com/valtors/relay/tools/request_approval.go:191.2,191.10 1 1
github.com/valtors/relay/tools/request_approval.go:194.55,196.9 2 1
github.com/valtors/relay/tools/request_approval.go:197.41,198.59 1 1
github.com/valtors/relay/tools/request_approval.go:200.66,202.33 2 1
github.com/valtors/relay/tools/request_approval.go:202.33,204.4 1 1
github.com/valtors/relay/tools/request_approval.go:205.3,205.38 1 1
github.com/valtors/relay/tools/request_approval.go:205.38,207.4 1 1
github.com/valtors/relay/tools/request_approval.go:208.3,208.62 1 1
github.com/valtors/relay/tools/request_approval.go:210.10,211.61 1 1
github.com/valtors/relay/tools/request_approval.go:215.41,217.15 2 1
github.com/valtors/relay/tools/request_approval.go:217.15,219.3 1 1
github.com/valtors/relay/tools/request_approval.go:220.2,221.25 2 1
github.com/valtors/relay/tools/request_approval.go:221.25,223.3 1 1
github.com/valtors/relay/tools/request_approval.go:224.2,224.10 1 1
github.com/valtors/relay/tools/run_brand.go:15.88,18.67 2 1
github.com/valtors/relay/tools/run_brand.go:18.67,20.3 1 0
github.com/valtors/relay/tools/run_brand.go:21.2,24.16 3 1
github.com/valtors/relay/tools/run_brand.go:24.16,28.3 1 1
github.com/valtors/relay/tools/run_brand.go:30.2,31.16 2 1
github.com/valtors/relay/tools/run_brand.go:31.16,35.3 1 1
github.com/valtors/relay/tools/run_brand.go:37.2,38.16 2 1
github.com/valtors/relay/tools/run_brand.go:38.16,40.3 1 0
github.com/valtors/relay/tools/run_brand.go:42.2,48.22 3 1
github.com/valtors/relay/tools/run_brand.go:48.22,51.3 1 1
github.com/valtors/relay/tools/run_brand.go:53.2,65.16 4 1
github.com/valtors/relay/tools/run_brand.go:65.16,67.3 1 1
github.com/valtors/relay/tools/run_brand.go:69.2,69.75 1 0
github.com/valtors/relay/tools/run_brand.go:69.75,71.3 1 0
github.com/valtors/relay/tools/run_brand.go:73.2,76.24 3 0
github.com/valtors/relay/tools/run_brand.go:76.24,78.3 1 0
github.com/valtors/relay/tools/run_brand.go:79.2,81.8 1 0
github.com/valtors/relay/tools/run_gtm.go:15.86,18.64 2 1
github.com/valtors/relay/tools/run_gtm.go:18.64,20.3 1 0
github.com/valtors/relay/tools/run_gtm.go:21.2,24.16 3 1
github.com/valtors/relay/tools/run_gtm.go:24.16,28.3 1 1
github.com/valtors/relay/tools/run_gtm.go:30.2,31.16 2 1
github.com/valtors/relay/tools/run_gtm.go:31.16,35.3 1 1
github.com/valtors/relay/tools/run_gtm.go:37.2,38.16 2 1
github.com/valtors/relay/tools/run_gtm.go:38.16,40.3 1 0
github.com/valtors/relay/tools/run_gtm.go:42.2,46.22 2 1
github.com/valtors/relay/tools/run_gtm.go:46.22,48.3 1 1
github.com/valtors/relay/tools/run_gtm.go:50.2,60.64 6 1
github.com/valtors/relay/tools/run_gtm.go:60.64,61.16 1 1
github.com/valtors/relay/tools/run_gtm.go:61.16,62.32 1 1
github.com/valtors/relay/tools/run_gtm.go:62.32,64.5 1 0
github.com/valtors/relay/tools/run_gtm.go:66.3,71.43 2 1
github.com/valtors/relay/tools/run_gtm.go:74.2,88.23 5 1
github.com/valtors/relay/tools/run_gtm.go:88.23,90.3 1 1
github.com/valtors/relay/tools/run_gtm.go:91.2,91.20 1 0
github.com/valtors/relay/tools/run_gtm.go:91.20,93.3 1 0
github.com/valtors/relay/tools/run_gtm.go:95.2,96.72 2 0
github.com/valtors/relay/tools/run_gtm.go:96.72,98.3 1 0
github.com/valtors/relay/tools/run_gtm.go:100.2,103.24 3 0
github.com/valtors/relay/tools/run_gtm.go:103.24,105.3 1 0
github.com/valtors/relay/tools/run_gtm.go:106.2,108.8 1 0
github.com/valtors/relay/tools/run_gtm.go:111.47,123.2 1 1
github.com/valtors/relay/tools/run_research.go:15.91,18.60 2 1
github.com/valtors/relay/tools/run_research.go:18.60,20.3 1 0
github.com/valtors/relay/tools/run_research.go:21.2,24.16 3 1
github.com/valtors/relay/tools/run_research.go:24.16,26.3 1 1
github.com/valtors/relay/tools/run_research.go:28.2,29.16 2 1
github.com/valtors/relay/tools/run_research.go:29.16,31.3 1 0
github.com/valtors/relay/tools/run_research.go:33.2,34.22 2 1
github.com/valtors/relay/tools/run_research.go:34.22,37.3 1 1
github.com/valtors/relay/tools/run_research.go:39.2,52.16 4 1
github.com/valtors/relay/tools/run_research.go:52.16,54.3 1 1
github.com/valtors/relay/tools/run_research.go:56.2,56.68 1 0
github.com/valtors/relay/tools/run_research.go:56.68,58.3 1 0
github.com/valtors/relay/tools/run_research.go:60.2,63.24 3 0
github.com/valtors/relay/tools/run_research.go:63.24,65.3 1 0
github.com/valtors/relay/tools/run_research.go:66.2,68.8 1 0
github.com/valtors/relay/tools/run_ux.go:15.85,18.54 2 1
github.com/valtors/relay/tools/run_ux.go:18.54,20.3 1 0
github.com/valtors/relay/tools/run_ux.go:21.2,24.16 3 1
github.com/valtors/relay/tools/run_ux.go:24.16,28.3 1 1
github.com/valtors/relay/tools/run_ux.go:30.2,31.16 2 1
github.com/valtors/relay/tools/run_ux.go:31.16,35.3 1 1
github.com/valtors/relay/tools/run_ux.go:37.2,38.16 2 1
github.com/valtors/relay/tools/run_ux.go:38.16,40.3 1 0
github.com/valtors/relay/tools/run_ux.go:42.2,48.22 3 1
github.com/valtors/relay/tools/run_ux.go:48.22,51.3 1 1
github.com/valtors/relay/tools/run_ux.go:53.2,66.16 4 1
github.com/valtors/relay/tools/run_ux.go:66.16,68.3 1 1
github.com/valtors/relay/tools/run_ux.go:70.2,70.62 1 0
github.com/valtors/relay/tools/run_ux.go:70.62,72.3 1 0
github.com/valtors/relay/tools/run_ux.go:74.2,77.24 3 0
github.com/valtors/relay/tools/run_ux.go:77.24,79.3 1 0
github.com/valtors/relay/tools/run_ux.go:80.2,82.8 1 0
github.com/valtors/relay/tools/run_workflow.go:17.91,24.9 5 1
github.com/valtors/relay/tools/run_workflow.go:25.22,26.54 1 1
github.com/valtors/relay/tools/run_workflow.go:26.54,28.4 1 0
github.com/valtors/relay/tools/run_workflow.go:29.3,29.37 1 1
github.com/valtors/relay/tools/run_workflow.go:31.15,32.54 1 1
github.com/valtors/relay/tools/run_workflow.go:32.54,34.4 1 0
github.com/valtors/relay/tools/run_workflow.go:35.3,35.40 1 1
github.com/valtors/relay/tools/run_workflow.go:37.10,39.17 2 1
github.com/valtors/relay/tools/run_workflow.go:39.17,41.4 1 0
github.com/valtors/relay/tools/run_workflow.go:42.3,42.22 1 1
github.com/valtors/relay/tools/run_workflow.go:42.22,44.4 1 0
github.com/valtors/relay/tools/run_workflow.go:45.3,45.43 1 1
github.com/valtors/relay/tools/run_workflow.go:48.2,48.49 1 1
github.com/valtors/relay/tools/run_workflow.go:48.49,51.87 2 1
github.com/valtors/relay/tools/run_workflow.go:51.87,53.4 1 1
github.com/valtors/relay/tools/run_workflow.go:55.3,59.34 1 0
github.com/valtors/relay/tools/run_workflow.go:59.34,61.20 2 0
github.com/valtors/relay/tools/run_workflow.go:61.20,63.6 1 0
github.com/valtors/relay/tools/run_workflow.go:64.5,64.43 1 0
github.com/valtors/relay/tools/run_workflow.go:66.18,68.4 1 0
github.com/valtors/relay/tools/run_workflow.go:71.2,71.46 1 1
github.com/valtors/relay/tools/run_workflow.go:71.46,77.34 2 0
github.com/valtors/relay/tools/run_workflow.go:77.34,79.5 1 0
github.com/valtors/relay/tools/run_workflow.go:80.18,82.4 1 0
github.com/valtors/relay/tools/run_workflow.go:85.2,85.43 1 1
github.com/valtors/relay/tools/run_workflow.go:85.43,91.34 2 0
github.com/valtors/relay/tools/run_workflow.go:91.34,93.5 1 0
github.com/valtors/relay/tools/run_workflow.go:94.18,96.4 1 0
github.com/valtors/relay/tools/run_workflow.go:99.2,99.44 1 1
github.com/valtors/relay/tools/run_workflow.go:99.44,105.34 2 0
github.com/valtors/relay/tools/run_workflow.go:105.34,107.5 1 0
github.com/valtors/relay/tools/run_workflow.go:108.18,110.4 1 0
github.com/valtors/relay/tools/run_workflow.go:113.2,114.69 2 1
github.com/valtors/relay/tools/run_workflow.go:114.69,116.3 1 1
github.com/valtors/relay/tools/run_workflow.go:118.2,118.95 1 0
github.com/valtors/relay/tools/run_workflow.go:128.59,130.18 2 1
github.com/valtors/relay/tools/run_workflow.go:130.18,132.3 1 0
github.com/valtors/relay/tools/run_workflow.go:133.2,135.31 2 1
github.com/valtors/relay/tools/run_workflow.go:135.31,136.40 1 1
github.com/valtors/relay/tools/run_workflow.go:136.40,138.4 1 1
github.com/valtors/relay/tools/run_workflow.go:140.3,141.17 2 1
github.com/valtors/relay/tools/run_workflow.go:141.17,143.4 1 1
github.com/valtors/relay/tools/run_workflow.go:145.3,146.17 2 1
github.com/valtors/relay/tools/run_workflow.go:146.17,154.4 3 1
github.com/valtors/relay/tools/run_workflow.go:156.3,157.17 2 1
github.com/valtors/relay/tools/run_workflow.go:157.17,159.4 1 0
github.com/valtors/relay/tools/run_workflow.go:161.3,161.35 1 1
github.com/valtors/relay/tools/run_workflow.go:161.35,162.59 1 1
github.com/valtors/relay/tools/run_workflow.go:162.59,164.5 1 0
github.com/valtors/relay/tools/run_workflow.go:165.4,165.14 1 1
github.com/valtors/relay/tools/run_workflow.go:168.3,170.17 3 0
github.com/valtors/relay/tools/run_workflow.go:170.17,172.4 1 0
github.com/valtors/relay/tools/run_workflow.go:173.3,175.21 2 0
github.com/valtors/relay/tools/run_workflow.go:175.21,178.59 2 0
github.com/valtors/relay/tools/run_workflow.go:178.59,180.5 1 0
github.com/valtors/relay/tools/run_workflow.go:181.4,181.14 1 0
github.com/valtors/relay/tools/run_workflow.go:184.2,184.12 1 0
github.com/valtors/relay/tools/run_workflow.go:192.92,194.16 2 1
github.com/valtors/relay/tools/run_workflow.go:194.16,196.3 1 0
github.com/valtors/relay/tools/run_workflow.go:198.2,209.61 4 1
github.com/valtors/relay/tools/run_workflow.go:209.61,211.3 1 1
github.com/valtors/relay/tools/run_workflow.go:212.2,212.42 1 0
github.com/valtors/relay/tools/run_workflow.go:219.9,223.16 2 1
github.com/valtors/relay/tools/run_workflow.go:223.16,225.3 1 1
github.com/valtors/relay/tools/run_workflow.go:226.2,226.19 1 1
github.com/valtors/relay/tools/run_workflow.go:226.19,228.3 1 1
github.com/valtors/relay/tools/run_workflow.go:229.2,229.20 1 1
github.com/valtors/relay/tools/run_workflow.go:229.20,230.30 1 1
github.com/valtors/relay/tools/run_workflow.go:230.30,231.56 1 1
github.com/valtors/relay/tools/run_workflow.go:231.56,233.5 1 1
github.com/valtors/relay/tools/run_workflow.go:235.3,235.43 1 0
github.com/valtors/relay/tools/run_workflow.go:237.2,237.12 1 1
github.com/valtors/relay/tools/run_workflow.go:240.115,242.30 2 1
github.com/valtors/relay/tools/run_workflow.go:242.30,244.3 1 1
github.com/valtors/relay/tools/run_workflow.go:246.2,253.16 2 1
github.com/valtors/relay/tools/run_workflow.go:253.16,255.3 1 0
github.com/valtors/relay/tools/run_workflow.go:256.2,256.47 1 1
github.com/valtors/relay/tools/run_workflow.go:256.47,258.3 1 0
github.com/valtors/relay/tools/run_workflow.go:259.2,259.20 1 1
github.com/valtors/relay/tools/run_workflow.go:259.20,260.55 1 0
github.com/valtors/relay/tools/run_workflow.go:260.55,262.4 1 0
github.com/valtors/relay/tools/run_workflow.go:263.3,263.57 1 0
github.com/valtors/relay/tools/run_workflow.go:265.2,266.9 2 1
github.com/valtors/relay/tools/run_workflow.go:266.9,268.3 1 0
github.com/valtors/relay/tools/run_workflow.go:270.2,271.59 2 1
github.com/valtors/relay/tools/run_workflow.go:271.59,273.3 1 0
github.com/valtors/relay/tools/run_workflow.go:274.2,274.16 1 1
github.com/valtors/relay/tools/run_workflow.go:277.27,278.11 1 1
github.com/valtors/relay/tools/run_workflow.go:278.11,280.3 1 0
github.com/valtors/relay/tools/run_workflow.go:281.2,281.10 1 1
github.com/valtors/relay/tools/run_workflow.go:284.77,286.17 2 1
github.com/valtors/relay/tools/run_workflow.go:286.17,288.3 1 0
github.com/valtors/relay/tools/run_workflow.go:289.2,290.9 2 1
github.com/valtors/relay/tools/run_workflow.go:290.9,292.3 1 1
github.com/valtors/relay/tools/run_workflow.go:293.2,294.9 2 1
github.com/valtors/relay/tools/run_workflow.go:294.9,296.3 1 0
github.com/valtors/relay/tools/run_workflow.go:297.2,297.10 1 1
github.com/valtors/relay/tools/text_tools.go:17.93,19.16 2 1
github.com/valtors/relay/tools/text_tools.go:19.16,21.3 1 1
github.com/valtors/relay/tools/text_tools.go:23.2,24.61 2 1
github.com/valtors/relay/tools/text_tools.go:27.91,31.16 4 1
github.com/valtors/relay/tools/text_tools.go:31.16,33.3 1 1
github.com/valtors/relay/tools/text_tools.go:34.2,34.16 1 1
github.com/valtors/relay/tools/text_tools.go:34.16,36.3 1 1
github.com/valtors/relay/tools/text_tools.go:38.2,38.30 1 1
github.com/valtors/relay/tools/text_tools.go:38.30,40.3 1 1
github.com/valtors/relay/tools/text_tools.go:41.2,41.76 1 1
github.com/valtors/relay/tools/text_tools.go:44.96,47.16 3 1
github.com/valtors/relay/tools/text_tools.go:47.16,49.3 1 0
github.com/valtors/relay/tools/text_tools.go:50.2,50.19 1 1
github.com/valtors/relay/tools/text_tools.go:50.19,52.3 1 0
github.com/valtors/relay/tools/text_tools.go:54.2,55.16 2 1
github.com/valtors/relay/tools/text_tools.go:55.16,57.3 1 1
github.com/valtors/relay/tools/text_tools.go:59.2,60.20 2 1
github.com/valtors/relay/tools/text_tools.go:60.20,62.3 1 1
github.com/valtors/relay/tools/text_tools.go:63.2,64.16 2 1
github.com/valtors/relay/tools/text_tools.go:64.16,66.3 1 0
github.com/valtors/relay/tools/text_tools.go:67.2,67.51 1 1
github.com/valtors/relay/tools/text_tools.go:70.96,72.16 2 1
github.com/valtors/relay/tools/text_tools.go:72.16,74.3 1 1
github.com/valtors/relay/tools/text_tools.go:75.2,75.84 1 1
github.com/valtors/relay/tools/text_tools.go:78.96,80.19 2 1
github.com/valtors/relay/tools/text_tools.go:80.19,82.3 1 0
github.com/valtors/relay/tools/text_tools.go:84.2,85.16 2 1
github.com/valtors/relay/tools/text_tools.go:85.16,87.3 1 1
github.com/valtors/relay/tools/text_tools.go:88.2,88.52 1 1
github.com/valtors/relay/tools/text_tools.go:91.98,93.17 2 1
github.com/valtors/relay/tools/text_tools.go:93.17,95.3 1 1
github.com/valtors/relay/tools/text_tools.go:96.2,96.62 1 1
github.com/valtors/relay/tools/text_tools.go:106.46,113.27 6 1
github.com/valtors/relay/tools/text_tools.go:113.27,114.26 1 1
github.com/valtors/relay/tools/text_tools.go:114.26,116.4 1 1
github.com/valtors/relay/tools/text_tools.go:117.3,120.18 4 1
github.com/valtors/relay/tools/text_tools.go:123.2,123.27 1 1
github.com/valtors/relay/tools/text_tools.go:123.27,128.3 4 1
github.com/valtors/relay/tools/text_tools.go:130.2,130.29 1 1
github.com/valtors/relay/tools/text_tools.go:130.29,132.40 2 1
github.com/valtors/relay/tools/text_tools.go:132.40,134.19 2 1
github.com/valtors/relay/tools/text_tools.go:134.19,136.5 1 1
github.com/valtors/relay/tools/text_tools.go:137.4,138.12 2 1
github.com/valtors/relay/tools/text_tools.go:140.3,140.18 1 1
github.com/valtors/relay/tools/text_tools.go:140.18,142.12 2 1
github.com/valtors/relay/tools/text_tools.go:144.3,144.20 1 1
github.com/valtors/relay/tools/text_tools.go:144.20,146.12 2 1
github.com/valtors/relay/tools/text_tools.go:148.3,148.48 1 1
github.com/valtors/relay/tools/text_tools.go:148.48,152.12 4 1
github.com/valtors/relay/tools/text_tools.go:154.3,154.41 1 1
github.com/valtors/relay/tools/text_tools.go:157.2,158.17 2 1
github.com/valtors/relay/tools/text_tools.go:158.17,160.3 1 0
github.com/valtors/relay/tools/text_tools.go:162.2,162.43 1 1
github.com/valtors/relay/tools/text_tools.go:165.46,167.80 2 1
github.com/valtors/relay/tools/text_tools.go:167.80,169.22 2 1
github.com/valtors/relay/tools/text_tools.go:169.22,171.4 1 0
github.com/valtors/relay/tools/text_tools.go:172.3,173.60 2 1
github.com/valtors/relay/tools/text_tools.go:175.2,178.16 4 1
github.com/valtors/relay/tools/text_tools.go:181.37,183.16 2 1
github.com/valtors/relay/tools/text_tools.go:183.16,185.3 1 0
github.com/valtors/relay/tools/text_tools.go:186.2,188.123 3 1
github.com/valtors/relay/tools/text_tools.go:188.123,190.3 1 0
github.com/valtors/relay/tools/text_tools.go:191.2,191.12 1 1
github.com/valtors/relay/tools/text_tools.go:194.36,196.46 2 1
github.com/valtors/relay/tools/text_tools.go:196.46,198.3 1 1
github.com/valtors/relay/tools/text_tools.go:199.2,199.29 1 1
github.com/valtors/relay/tools/text_tools.go:199.29,201.3 1 1
github.com/valtors/relay/tools/text_tools.go:202.2,202.46 1 1
github.com/valtors/relay/tools/text_tools.go:202.46,204.3 1 0
github.com/valtors/relay/tools/text_tools.go:205.2,205.14 1 1
github.com/valtors/relay/tools/web_tools.go:22.33,24.15 2 1
github.com/valtors/relay/tools/web_tools.go:24.15,26.3 1 1
github.com/valtors/relay/tools/web_tools.go:27.2,28.31 2 0
github.com/valtors/relay/tools/web_tools.go:28.31,30.3 1 0
github.com/valtors/relay/tools/web_tools.go:31.2,31.45 1 0
github.com/valtors/relay/tools/web_tools.go:34.90,36.15 2 1
github.com/valtors/relay/tools/web_tools.go:36.15,38.3 1 0
github.com/valtors/relay/tools/web_tools.go:40.2,40.41 1 1
github.com/valtors/relay/tools/web_tools.go:40.41,42.3 1 1
github.com/valtors/relay/tools/web_tools.go:44.2,45.18 2 1
github.com/valtors/relay/tools/web_tools.go:45.18,47.3 1 1
github.com/valtors/relay/tools/web_tools.go:49.2,50.16 2 1
github.com/valtors/relay/tools/web_tools.go:50.16,52.3 1 0
github.com/valtors/relay/tools/web_tools.go:54.2,54.72 1 1
github.com/valtors/relay/tools/web_tools.go:54.72,55.30 1 1
github.com/valtors/relay/tools/web_tools.go:55.30,57.4 1 1
github.com/valtors/relay/tools/web_tools.go:60.2,62.16 3 1
github.com/valtors/relay/tools/web_tools.go:62.16,64.3 1 1
github.com/valtors/relay/tools/web_tools.go:65.2,65.15 1 1
github.com/valtors/relay/tools/web_tools.go:65.15,65.40 1 1
github.com/valtors/relay/tools/web_tools.go:67.2,68.16 2 1
github.com/valtors/relay/tools/web_tools.go:68.16,70.3 1 0
github.com/valtors/relay/tools/web_tools.go:71.2,71.15 1 1
github.com/valtors/relay/tools/web_tools.go:71.15,73.3 1 1
github.com/valtors/relay/tools/web_tools.go:74.2,74.49 1 1
github.com/valtors/relay/tools/web_tools.go:77.91,79.15 2 1
github.com/valtors/relay/tools/web_tools.go:79.15,81.3 1 0
github.com/valtors/relay/tools/web_tools.go:83.2,83.41 1 1
github.com/valtors/relay/tools/web_tools.go:83.41,85.3 1 0
github.com/valtors/relay/tools/web_tools.go:87.2,90.16 4 1
github.com/valtors/relay/tools/web_tools.go:90.16,92.3 1 0
github.com/valtors/relay/tools/web_tools.go:94.2,95.16 2 1
github.com/valtors/relay/tools/web_tools.go:95.16,97.3 1 1
github.com/valtors/relay/tools/web_tools.go:98.2,98.15 1 1
github.com/valtors/relay/tools/web_tools.go:98.15,98.40 1 1
github.com/valtors/relay/tools/web_tools.go:99.2,101.119 2 1
github.com/valtors/relay/tools/web_tools.go:104.50,107.9 3 1
github.com/valtors/relay/tools/web_tools.go:107.9,109.3 1 1
github.com/valtors/relay/tools/web_tools.go:110.2,110.34 1 1
github.com/valtors/relay/tools/web_tools.go:110.34,111.28 1 1
github.com/valtors/relay/tools/web_tools.go:112.15,113.40 1 1
github.com/valtors/relay/tools/web_tools.go:114.14,115.27 1 1
github.com/valtors/relay/tools/web_tools.go:115.27,116.35 1 1
github.com/valtors/relay/tools/web_tools.go:116.35,118.6 1 1
github.com/valtors/relay/tools/web_tools.go:122.2,122.15 1 1
github.com/valtors/relay/tools/web_tools.go:125.81,128.43 3 1
github.com/valtors/relay/tools/web_tools.go:128.43,130.3 1 0
github.com/valtors/relay/tools/web_tools.go:131.2,132.21 2 1
github.com/valtors/relay/tools/web_tools.go:132.21,134.3 1 1
github.com/valtors/relay/tools/web_tools.go:135.2,135.25 1 1
github.com/valtors/relay/tools/web_tools.go:138.36,139.50 1 1
github.com/valtors/relay/tools/web_tools.go:139.50,141.3 1 1
github.com/valtors/relay/tools/web_tools.go:143.2,144.16 2 1
github.com/valtors/relay/tools/web_tools.go:144.16,146.3 1 0
github.com/valtors/relay/tools/web_tools.go:148.2,149.43 2 1
github.com/valtors/relay/tools/web_tools.go:149.43,151.3 1 1
github.com/valtors/relay/tools/web_tools.go:153.2,154.16 2 1
github.com/valtors/relay/tools/web_tools.go:154.16,156.3 1 0
github.com/valtors/relay/tools/web_tools.go:158.2,158.40 1 1
github.com/valtors/relay/tools/web_tools.go:158.40,159.89 1 1
github.com/valtors/relay/tools/web_tools.go:159.89,161.4 1 1
github.com/valtors/relay/tools/web_tools.go:164.2,165.16 2 1
github.com/valtors/relay/tools/web_tools.go:165.16,167.3 1 0
github.com/valtors/relay/tools/web_tools.go:168.2,168.25 1 1
github.com/valtors/relay/tools/web_tools.go:168.25,169.89 1 1
github.com/valtors/relay/tools/web_tools.go:169.89,171.4 1 0
github.com/valtors/relay/tools/web_tools.go:174.2,175.28 2 1
github.com/valtors/relay/tools/web_tools.go:175.28,176.33 1 1
github.com/valtors/relay/tools/web_tools.go:176.33,178.4 1 0
github.com/valtors/relay/tools/web_tools.go:181.2,181.12 1 1
